\BOOKMARK [1][-]{section.1}{Explicaci\363n del problema}{}% 1
\BOOKMARK [1][-]{section.2}{Informe de correcciones}{}% 2
\BOOKMARK [2][-]{subsubsection.2.0.1}{Ejercicio 1}{section.2}% 3
\BOOKMARK [3][-]{subsubsection.2.0.2}{Ejercicio 2}{subsubsection.2.0.1}% 4
\BOOKMARK [3][-]{subsubsection.2.0.3}{Ejercicio 3}{subsubsection.2.0.1}% 5
\BOOKMARK [3][-]{subsubsection.2.0.4}{Ejercicio 4}{subsubsection.2.0.1}% 6
\BOOKMARK [3][-]{subsubsection.2.0.5}{Ejercicio 5}{subsubsection.2.0.1}% 7
\BOOKMARK [1][-]{section.3}{Ejercicio 1}{}% 8
\BOOKMARK [2][-]{subsection.3.1}{Explicaci\363n de resoluci\363n del problema}{section.3}% 9
\BOOKMARK [2][-]{subsection.3.2}{Pseudoc\363digo}{section.3}% 10
\BOOKMARK [3][-]{subsubsection.3.2.1}{Estructura interna para chequear elecciones y estados ocurridos}{subsection.3.2}% 11
\BOOKMARK [2][-]{subsection.3.3}{An\341lisis de complejidades}{section.3}% 12
\BOOKMARK [2][-]{subsection.3.4}{Experimientos y conclusiones}{section.3}% 13
\BOOKMARK [3][-]{subsubsection.3.4.1}{1.5}{subsection.3.4}% 14
\BOOKMARK [1][-]{section.4}{Ejercicio 2}{}% 15
\BOOKMARK [2][-]{subsection.4.1}{Explicaci\363n de resoluci\363n del problema}{section.4}% 16
\BOOKMARK [2][-]{subsection.4.2}{Pseudoc\363digo}{section.4}% 17
\BOOKMARK [3][-]{subsubsection.4.2.1}{Nota 1}{subsection.4.2}% 18
\BOOKMARK [3][-]{subsubsection.4.2.2}{Estructura interna para chequear elecciones y estados ocurridos}{subsection.4.2}% 19
\BOOKMARK [2][-]{subsection.4.3}{An\341lisis de complejidades}{section.4}% 20
\BOOKMARK [2][-]{subsection.4.4}{Experimientos y conclusiones}{section.4}% 21
\BOOKMARK [1][-]{section.5}{Ejercicio 3}{}% 22
\BOOKMARK [2][-]{subsection.5.1}{Explicaci\363n de resoluci\363n del problema}{section.5}% 23
\BOOKMARK [2][-]{subsection.5.2}{Pseudoc\363digo}{section.5}% 24
\BOOKMARK [2][-]{subsection.5.3}{Experimientos y conclusiones}{section.5}% 25
\BOOKMARK [3][-]{subsubsection.5.3.1}{2.5}{subsection.5.3}% 26
\BOOKMARK [1][-]{section.6}{Ejercicio 4}{}% 27
\BOOKMARK [2][-]{subsection.6.1}{Explicaci\363n de resoluci\363n del problema}{section.6}% 28
\BOOKMARK [2][-]{subsection.6.2}{Pseudoc\363digo}{section.6}% 29
\BOOKMARK [2][-]{subsection.6.3}{An\341lisis de complejidades}{section.6}% 30
\BOOKMARK [2][-]{subsection.6.4}{Experimientos y conclusiones}{section.6}% 31
\BOOKMARK [3][-]{subsubsection.6.4.1}{2.5}{subsection.6.4}% 32
\BOOKMARK [1][-]{section.7}{Ejercicio 5}{}% 33
\BOOKMARK [2][-]{subsection.7.1}{Descripci\363n de nuevas instancias y experimentaci\363n}{section.7}% 34
\BOOKMARK [3][-]{subsubsection.7.1.1}{Comparaciones de tiempo entre heuristicas}{subsection.7.1}% 35
\BOOKMARK [3][-]{subsubsection.7.1.2}{Comparaciones entre los errores}{subsection.7.1}% 36
\BOOKMARK [3][-]{subsubsection.7.1.3}{Concluciones}{subsection.7.1}% 37
\BOOKMARK [1][-]{section.8}{Aclaraciones}{}% 38
\BOOKMARK [2][-]{subsection.8.1}{Aclaraciones para correr las implementaciones}{section.8}% 39
