This is pdfTeX, Version 3.1415926-2.5-1.40.14 (TeX Live 2013/Debian) (format=pdflatex 2015.8.30)  29 NOV 2016 18:48
entering extended mode
 restricted \write18 enabled.
 %&-line parsing enabled.
**tpd.tex
(./tpd.tex
LaTeX2e <2011/06/27>
Babel <3.9h> and hyphenation patterns for 78 languages loaded.
(/usr/share/texlive/texmf-dist/tex/latex/base/article.cls
Document Class: article 2007/10/19 v1.4h Standard LaTeX document class
(/usr/share/texlive/texmf-dist/tex/latex/base/size12.clo
File: size12.clo 2007/10/19 v1.4h Standard LaTeX file (size option)
)
\c@part=\count79
\c@section=\count80
\c@subsection=\count81
\c@subsubsection=\count82
\c@paragraph=\count83
\c@subparagraph=\count84
\c@figure=\count85
\c@table=\count86
\abovecaptionskip=\skip41
\belowcaptionskip=\skip42
\bibindent=\dimen102
)
(/usr/share/texlive/texmf-dist/tex/latex/geometry/geometry.sty
Package: geometry 2010/09/12 v5.6 Page Geometry

(/usr/share/texlive/texmf-dist/tex/latex/graphics/keyval.sty
Package: keyval 1999/03/16 v1.13 key=value parser (DPC)
\KV@toks@=\toks14
)
(/usr/share/texlive/texmf-dist/tex/generic/oberdiek/ifpdf.sty
Package: ifpdf 2011/01/30 v2.3 Provides the ifpdf switch (HO)
Package ifpdf Info: pdfTeX in PDF mode is detected.
)
(/usr/share/texlive/texmf-dist/tex/generic/oberdiek/ifvtex.sty
Package: ifvtex 2010/03/01 v1.5 Detect VTeX and its facilities (HO)
Package ifvtex Info: VTeX not detected.
)
(/usr/share/texlive/texmf-dist/tex/generic/ifxetex/ifxetex.sty
Package: ifxetex 2010/09/12 v0.6 Provides ifxetex conditional
)
\Gm@cnth=\count87
\Gm@cntv=\count88
\c@Gm@tempcnt=\count89
\Gm@bindingoffset=\dimen103
\Gm@wd@mp=\dimen104
\Gm@odd@mp=\dimen105
\Gm@even@mp=\dimen106
\Gm@layoutwidth=\dimen107
\Gm@layoutheight=\dimen108
\Gm@layouthoffset=\dimen109
\Gm@layoutvoffset=\dimen110
\Gm@dimlist=\toks15
)
(/usr/share/texlive/texmf-dist/tex/latex/base/inputenc.sty
Package: inputenc 2008/03/30 v1.1d Input encoding file
\inpenc@prehook=\toks16
\inpenc@posthook=\toks17

(/usr/share/texlive/texmf-dist/tex/latex/base/utf8.def
File: utf8.def 2008/04/05 v1.1m UTF-8 support for inputenc
Now handling font encoding OML ...
... no UTF-8 mapping file for font encoding OML
Now handling font encoding T1 ...
... processing UTF-8 mapping file for font encoding T1

(/usr/share/texlive/texmf-dist/tex/latex/base/t1enc.dfu
File: t1enc.dfu 2008/04/05 v1.1m UTF-8 support for inputenc
   defining Unicode char U+00A1 (decimal 161)
   defining Unicode char U+00A3 (decimal 163)
   defining Unicode char U+00AB (decimal 171)
   defining Unicode char U+00BB (decimal 187)
   defining Unicode char U+00BF (decimal 191)
   defining Unicode char U+00C0 (decimal 192)
   defining Unicode char U+00C1 (decimal 193)
   defining Unicode char U+00C2 (decimal 194)
   defining Unicode char U+00C3 (decimal 195)
   defining Unicode char U+00C4 (decimal 196)
   defining Unicode char U+00C5 (decimal 197)
   defining Unicode char U+00C6 (decimal 198)
   defining Unicode char U+00C7 (decimal 199)
   defining Unicode char U+00C8 (decimal 200)
   defining Unicode char U+00C9 (decimal 201)
   defining Unicode char U+00CA (decimal 202)
   defining Unicode char U+00CB (decimal 203)
   defining Unicode char U+00CC (decimal 204)
   defining Unicode char U+00CD (decimal 205)
   defining Unicode char U+00CE (decimal 206)
   defining Unicode char U+00CF (decimal 207)
   defining Unicode char U+00D0 (decimal 208)
   defining Unicode char U+00D1 (decimal 209)
   defining Unicode char U+00D2 (decimal 210)
   defining Unicode char U+00D3 (decimal 211)
   defining Unicode char U+00D4 (decimal 212)
   defining Unicode char U+00D5 (decimal 213)
   defining Unicode char U+00D6 (decimal 214)
   defining Unicode char U+00D8 (decimal 216)
   defining Unicode char U+00D9 (decimal 217)
   defining Unicode char U+00DA (decimal 218)
   defining Unicode char U+00DB (decimal 219)
   defining Unicode char U+00DC (decimal 220)
   defining Unicode char U+00DD (decimal 221)
   defining Unicode char U+00DE (decimal 222)
   defining Unicode char U+00DF (decimal 223)
   defining Unicode char U+00E0 (decimal 224)
   defining Unicode char U+00E1 (decimal 225)
   defining Unicode char U+00E2 (decimal 226)
   defining Unicode char U+00E3 (decimal 227)
   defining Unicode char U+00E4 (decimal 228)
   defining Unicode char U+00E5 (decimal 229)
   defining Unicode char U+00E6 (decimal 230)
   defining Unicode char U+00E7 (decimal 231)
   defining Unicode char U+00E8 (decimal 232)
   defining Unicode char U+00E9 (decimal 233)
   defining Unicode char U+00EA (decimal 234)
   defining Unicode char U+00EB (decimal 235)
   defining Unicode char U+00EC (decimal 236)
   defining Unicode char U+00ED (decimal 237)
   defining Unicode char U+00EE (decimal 238)
   defining Unicode char U+00EF (decimal 239)
   defining Unicode char U+00F0 (decimal 240)
   defining Unicode char U+00F1 (decimal 241)
   defining Unicode char U+00F2 (decimal 242)
   defining Unicode char U+00F3 (decimal 243)
   defining Unicode char U+00F4 (decimal 244)
   defining Unicode char U+00F5 (decimal 245)
   defining Unicode char U+00F6 (decimal 246)
   defining Unicode char U+00F8 (decimal 248)
   defining Unicode char U+00F9 (decimal 249)
   defining Unicode char U+00FA (decimal 250)
   defining Unicode char U+00FB (decimal 251)
   defining Unicode char U+00FC (decimal 252)
   defining Unicode char U+00FD (decimal 253)
   defining Unicode char U+00FE (decimal 254)
   defining Unicode char U+00FF (decimal 255)
   defining Unicode char U+0102 (decimal 258)
   defining Unicode char U+0103 (decimal 259)
   defining Unicode char U+0104 (decimal 260)
   defining Unicode char U+0105 (decimal 261)
   defining Unicode char U+0106 (decimal 262)
   defining Unicode char U+0107 (decimal 263)
   defining Unicode char U+010C (decimal 268)
   defining Unicode char U+010D (decimal 269)
   defining Unicode char U+010E (decimal 270)
   defining Unicode char U+010F (decimal 271)
   defining Unicode char U+0110 (decimal 272)
   defining Unicode char U+0111 (decimal 273)
   defining Unicode char U+0118 (decimal 280)
   defining Unicode char U+0119 (decimal 281)
   defining Unicode char U+011A (decimal 282)
   defining Unicode char U+011B (decimal 283)
   defining Unicode char U+011E (decimal 286)
   defining Unicode char U+011F (decimal 287)
   defining Unicode char U+0130 (decimal 304)
   defining Unicode char U+0131 (decimal 305)
   defining Unicode char U+0132 (decimal 306)
   defining Unicode char U+0133 (decimal 307)
   defining Unicode char U+0139 (decimal 313)
   defining Unicode char U+013A (decimal 314)
   defining Unicode char U+013D (decimal 317)
   defining Unicode char U+013E (decimal 318)
   defining Unicode char U+0141 (decimal 321)
   defining Unicode char U+0142 (decimal 322)
   defining Unicode char U+0143 (decimal 323)
   defining Unicode char U+0144 (decimal 324)
   defining Unicode char U+0147 (decimal 327)
   defining Unicode char U+0148 (decimal 328)
   defining Unicode char U+014A (decimal 330)
   defining Unicode char U+014B (decimal 331)
   defining Unicode char U+0150 (decimal 336)
   defining Unicode char U+0151 (decimal 337)
   defining Unicode char U+0152 (decimal 338)
   defining Unicode char U+0153 (decimal 339)
   defining Unicode char U+0154 (decimal 340)
   defining Unicode char U+0155 (decimal 341)
   defining Unicode char U+0158 (decimal 344)
   defining Unicode char U+0159 (decimal 345)
   defining Unicode char U+015A (decimal 346)
   defining Unicode char U+015B (decimal 347)
   defining Unicode char U+015E (decimal 350)
   defining Unicode char U+015F (decimal 351)
   defining Unicode char U+0160 (decimal 352)
   defining Unicode char U+0161 (decimal 353)
   defining Unicode char U+0162 (decimal 354)
   defining Unicode char U+0163 (decimal 355)
   defining Unicode char U+0164 (decimal 356)
   defining Unicode char U+0165 (decimal 357)
   defining Unicode char U+016E (decimal 366)
   defining Unicode char U+016F (decimal 367)
   defining Unicode char U+0170 (decimal 368)
   defining Unicode char U+0171 (decimal 369)
   defining Unicode char U+0178 (decimal 376)
   defining Unicode char U+0179 (decimal 377)
   defining Unicode char U+017A (decimal 378)
   defining Unicode char U+017B (decimal 379)
   defining Unicode char U+017C (decimal 380)
   defining Unicode char U+017D (decimal 381)
   defining Unicode char U+017E (decimal 382)
   defining Unicode char U+200C (decimal 8204)
   defining Unicode char U+2013 (decimal 8211)
   defining Unicode char U+2014 (decimal 8212)
   defining Unicode char U+2018 (decimal 8216)
   defining Unicode char U+2019 (decimal 8217)
   defining Unicode char U+201A (decimal 8218)
   defining Unicode char U+201C (decimal 8220)
   defining Unicode char U+201D (decimal 8221)
   defining Unicode char U+201E (decimal 8222)
   defining Unicode char U+2030 (decimal 8240)
   defining Unicode char U+2031 (decimal 8241)
   defining Unicode char U+2039 (decimal 8249)
   defining Unicode char U+203A (decimal 8250)
   defining Unicode char U+2423 (decimal 9251)
)
Now handling font encoding OT1 ...
... processing UTF-8 mapping file for font encoding OT1

(/usr/share/texlive/texmf-dist/tex/latex/base/ot1enc.dfu
File: ot1enc.dfu 2008/04/05 v1.1m UTF-8 support for inputenc
   defining Unicode char U+00A1 (decimal 161)
   defining Unicode char U+00A3 (decimal 163)
   defining Unicode char U+00B8 (decimal 184)
   defining Unicode char U+00BF (decimal 191)
   defining Unicode char U+00C5 (decimal 197)
   defining Unicode char U+00C6 (decimal 198)
   defining Unicode char U+00D8 (decimal 216)
   defining Unicode char U+00DF (decimal 223)
   defining Unicode char U+00E6 (decimal 230)
   defining Unicode char U+00EC (decimal 236)
   defining Unicode char U+00ED (decimal 237)
   defining Unicode char U+00EE (decimal 238)
   defining Unicode char U+00EF (decimal 239)
   defining Unicode char U+00F8 (decimal 248)
   defining Unicode char U+0131 (decimal 305)
   defining Unicode char U+0141 (decimal 321)
   defining Unicode char U+0142 (decimal 322)
   defining Unicode char U+0152 (decimal 338)
   defining Unicode char U+0153 (decimal 339)
   defining Unicode char U+2013 (decimal 8211)
   defining Unicode char U+2014 (decimal 8212)
   defining Unicode char U+2018 (decimal 8216)
   defining Unicode char U+2019 (decimal 8217)
   defining Unicode char U+201C (decimal 8220)
   defining Unicode char U+201D (decimal 8221)
)
Now handling font encoding OMS ...
... processing UTF-8 mapping file for font encoding OMS

(/usr/share/texlive/texmf-dist/tex/latex/base/omsenc.dfu
File: omsenc.dfu 2008/04/05 v1.1m UTF-8 support for inputenc
   defining Unicode char U+00A7 (decimal 167)
   defining Unicode char U+00B6 (decimal 182)
   defining Unicode char U+00B7 (decimal 183)
   defining Unicode char U+2020 (decimal 8224)
   defining Unicode char U+2021 (decimal 8225)
   defining Unicode char U+2022 (decimal 8226)
)
Now handling font encoding OMX ...
... no UTF-8 mapping file for font encoding OMX
Now handling font encoding U ...
... no UTF-8 mapping file for font encoding U
   defining Unicode char U+00A9 (decimal 169)
   defining Unicode char U+00AA (decimal 170)
   defining Unicode char U+00AE (decimal 174)
   defining Unicode char U+00BA (decimal 186)
   defining Unicode char U+02C6 (decimal 710)
   defining Unicode char U+02DC (decimal 732)
   defining Unicode char U+200C (decimal 8204)
   defining Unicode char U+2026 (decimal 8230)
   defining Unicode char U+2122 (decimal 8482)
   defining Unicode char U+2423 (decimal 9251)
))
(/usr/share/texlive/texmf-dist/tex/latex/base/fontenc.sty
Package: fontenc 2005/09/27 v1.99g Standard LaTeX package

(/usr/share/texlive/texmf-dist/tex/latex/base/t1enc.def
File: t1enc.def 2005/09/27 v1.99g Standard LaTeX file
LaTeX Font Info:    Redeclaring font encoding T1 on input line 43.
)) (./interfaz.sty
Package: interfaz 2010/10/31 v0.1 Para especificar interfaces en formato AED2

Cargando package 'interfaz' v0.1 (31/10/2010)
) (./caratula.sty
Package: caratula 2003/4/13 v0.1 Para componer caratulas de TPs del DC

Cargando package 'caratula' v0.2 (21/4/2003)
\intlist=\toks18
) (./algorithm2e.sty
Package: algorithm2e 2005/10/04 v3.9 algorithms environments
\c@AlgoLine=\count90
 (/usr/share/texlive/texmf-dist/tex/latex/base/ifthen.sty
Package: ifthen 2001/05/26 v1.1c Standard LaTeX ifthen package (DPC)
)
(/usr/share/texlive/texmf-dist/tex/latex/tools/xspace.sty
Package: xspace 2009/10/20 v1.13 Space after command names (DPC,MH)
)
********************************************************
Package `algorithm2e' Release 3.9 -- october 04 2005 --
- algorithm2e-announce@lirmm.fr mailing list for announcement about releases
- algorithm2e-discussion@lirmm.fr mailing list for discussion about package
subscribe by emailing sympa@lirmm.fr with 'subscribe <list> <firstname name>'
- Author: Christophe Fiorio (fiorio@lirmm.fr)
********************************************************
\skiptotal=\skip43
\skiprule=\skip44
\skiphlne=\skip45
\skiptext=\skip46
\skiplength=\skip47
\algomargin=\skip48
\skipalgocfslide=\skip49
\algowidth=\dimen111
\inoutsize=\dimen112
\inoutline=\dimen113
\algocf@inoutbox=\box26
\algocf@inputbox=\box27
\AlCapSkip=\skip50
\AlCapHSkip=\skip51
\algocf@capbox=\box28
\c@algocfline=\count91
\c@algocf=\count92
\algocf@algoframe=\box29
\algocf@algobox=\box30
) (/usr/share/texlive/texmf-dist/tex/latex/amsmath/amsmath.sty
Package: amsmath 2013/01/14 v2.14 AMS math features
\@mathmargin=\skip52

For additional information on amsmath, use the `?' option.
(/usr/share/texlive/texmf-dist/tex/latex/amsmath/amstext.sty
Package: amstext 2000/06/29 v2.01

(/usr/share/texlive/texmf-dist/tex/latex/amsmath/amsgen.sty
File: amsgen.sty 1999/11/30 v2.0
\@emptytoks=\toks19
\ex@=\dimen114
))
(/usr/share/texlive/texmf-dist/tex/latex/amsmath/amsbsy.sty
Package: amsbsy 1999/11/29 v1.2d
\pmbraise@=\dimen115
)
(/usr/share/texlive/texmf-dist/tex/latex/amsmath/amsopn.sty
Package: amsopn 1999/12/14 v2.01 operator names
)
\inf@bad=\count93
LaTeX Info: Redefining \frac on input line 210.
\uproot@=\count94
\leftroot@=\count95
LaTeX Info: Redefining \overline on input line 306.
\classnum@=\count96
\DOTSCASE@=\count97
LaTeX Info: Redefining \ldots on input line 378.
LaTeX Info: Redefining \dots on input line 381.
LaTeX Info: Redefining \cdots on input line 466.
\Mathstrutbox@=\box31
\strutbox@=\box32
\big@size=\dimen116
LaTeX Font Info:    Redeclaring font encoding OML on input line 566.
LaTeX Font Info:    Redeclaring font encoding OMS on input line 567.
\macc@depth=\count98
\c@MaxMatrixCols=\count99
\dotsspace@=\muskip10
\c@parentequation=\count100
\dspbrk@lvl=\count101
\tag@help=\toks20
\row@=\count102
\column@=\count103
\maxfields@=\count104
\andhelp@=\toks21
\eqnshift@=\dimen117
\alignsep@=\dimen118
\tagshift@=\dimen119
\tagwidth@=\dimen120
\totwidth@=\dimen121
\lineht@=\dimen122
\@envbody=\toks22
\multlinegap=\skip53
\multlinetaggap=\skip54
\mathdisplay@stack=\toks23
LaTeX Info: Redefining \[ on input line 2665.
LaTeX Info: Redefining \] on input line 2666.
)
(/usr/share/texlive/texmf-dist/tex/latex/amsfonts/amsfonts.sty
Package: amsfonts 2013/01/14 v3.01 Basic AMSFonts support
\symAMSa=\mathgroup4
\symAMSb=\mathgroup5
LaTeX Font Info:    Overwriting math alphabet `\mathfrak' in version `bold'
(Font)                  U/euf/m/n --> U/euf/b/n on input line 106.
)
(/usr/share/texlive/texmf-dist/tex/latex/graphics/graphicx.sty
Package: graphicx 1999/02/16 v1.0f Enhanced LaTeX Graphics (DPC,SPQR)

(/usr/share/texlive/texmf-dist/tex/latex/graphics/graphics.sty
Package: graphics 2009/02/05 v1.0o Standard LaTeX Graphics (DPC,SPQR)

(/usr/share/texlive/texmf-dist/tex/latex/graphics/trig.sty
Package: trig 1999/03/16 v1.09 sin cos tan (DPC)
)
(/usr/share/texlive/texmf-dist/tex/latex/latexconfig/graphics.cfg
File: graphics.cfg 2010/04/23 v1.9 graphics configuration of TeX Live
)
Package graphics Info: Driver file: pdftex.def on input line 91.

(/usr/share/texlive/texmf-dist/tex/latex/pdftex-def/pdftex.def
File: pdftex.def 2011/05/27 v0.06d Graphics/color for pdfTeX

(/usr/share/texlive/texmf-dist/tex/generic/oberdiek/infwarerr.sty
Package: infwarerr 2010/04/08 v1.3 Providing info/warning/error messages (HO)
)
(/usr/share/texlive/texmf-dist/tex/generic/oberdiek/ltxcmds.sty
Package: ltxcmds 2011/11/09 v1.22 LaTeX kernel commands for general use (HO)
)
\Gread@gobject=\count105
))
\Gin@req@height=\dimen123
\Gin@req@width=\dimen124
)
(/usr/share/texlive/texmf-dist/tex/latex/subfig/subfig.sty
Package: subfig 2005/06/28 ver: 1.3 subfig package

(/usr/share/texlive/texmf-dist/tex/latex/caption/caption.sty
Package: caption 2013/05/02 v3.3-89 Customizing captions (AR)

(/usr/share/texlive/texmf-dist/tex/latex/caption/caption3.sty
Package: caption3 2013/05/02 v1.6-88 caption3 kernel (AR)
Package caption3 Info: TeX engine: e-TeX on input line 57.
\captionmargin=\dimen125
\captionmargin@=\dimen126
\captionwidth=\dimen127
\caption@tempdima=\dimen128
\caption@indent=\dimen129
\caption@parindent=\dimen130
\caption@hangindent=\dimen131
)
\c@ContinuedFloat=\count106
)
\c@KVtest=\count107
\sf@farskip=\skip55
\sf@captopadj=\dimen132
\sf@capskip=\skip56
\sf@nearskip=\skip57
\c@subfigure=\count108
\c@subfigure@save=\count109
\c@lofdepth=\count110
\c@subtable=\count111
\c@subtable@save=\count112
\c@lotdepth=\count113
\sf@top=\skip58
\sf@bottom=\skip59
)
(/usr/share/texlive/texmf-dist/tex/latex/hyperref/hyperref.sty
Package: hyperref 2012/11/06 v6.83m Hypertext links for LaTeX

(/usr/share/texlive/texmf-dist/tex/generic/oberdiek/hobsub-hyperref.sty
Package: hobsub-hyperref 2012/05/28 v1.13 Bundle oberdiek, subset hyperref (HO)


(/usr/share/texlive/texmf-dist/tex/generic/oberdiek/hobsub-generic.sty
Package: hobsub-generic 2012/05/28 v1.13 Bundle oberdiek, subset generic (HO)
Package: hobsub 2012/05/28 v1.13 Construct package bundles (HO)
Package hobsub Info: Skipping package `infwarerr' (already loaded).
Package hobsub Info: Skipping package `ltxcmds' (already loaded).
Package: ifluatex 2010/03/01 v1.3 Provides the ifluatex switch (HO)
Package ifluatex Info: LuaTeX not detected.
Package hobsub Info: Skipping package `ifvtex' (already loaded).
Package: intcalc 2007/09/27 v1.1 Expandable calculations with integers (HO)
Package hobsub Info: Skipping package `ifpdf' (already loaded).
Package: etexcmds 2011/02/16 v1.5 Avoid name clashes with e-TeX commands (HO)
Package etexcmds Info: Could not find \expanded.
(etexcmds)             That can mean that you are not using pdfTeX 1.50 or
(etexcmds)             that some package has redefined \expanded.
(etexcmds)             In the latter case, load this package earlier.
Package: kvsetkeys 2012/04/25 v1.16 Key value parser (HO)
Package: kvdefinekeys 2011/04/07 v1.3 Define keys (HO)
Package: pdftexcmds 2011/11/29 v0.20 Utility functions of pdfTeX for LuaTeX (HO
)
Package pdftexcmds Info: LuaTeX not detected.
Package pdftexcmds Info: \pdf@primitive is available.
Package pdftexcmds Info: \pdf@ifprimitive is available.
Package pdftexcmds Info: \pdfdraftmode found.
Package: pdfescape 2011/11/25 v1.13 Implements pdfTeX's escape features (HO)
Package: bigintcalc 2012/04/08 v1.3 Expandable calculations on big integers (HO
)
Package: bitset 2011/01/30 v1.1 Handle bit-vector datatype (HO)
Package: uniquecounter 2011/01/30 v1.2 Provide unlimited unique counter (HO)
)
Package hobsub Info: Skipping package `hobsub' (already loaded).
Package: letltxmacro 2010/09/02 v1.4 Let assignment for LaTeX macros (HO)
Package: hopatch 2012/05/28 v1.2 Wrapper for package hooks (HO)
Package: xcolor-patch 2011/01/30 xcolor patch
Package: atveryend 2011/06/30 v1.8 Hooks at the very end of document (HO)
Package atveryend Info: \enddocument detected (standard20110627).
Package: atbegshi 2011/10/05 v1.16 At begin shipout hook (HO)
Package: refcount 2011/10/16 v3.4 Data extraction from label references (HO)
Package: hycolor 2011/01/30 v1.7 Color options for hyperref/bookmark (HO)
)
(/usr/share/texlive/texmf-dist/tex/latex/oberdiek/auxhook.sty
Package: auxhook 2011/03/04 v1.3 Hooks for auxiliary files (HO)
)
(/usr/share/texlive/texmf-dist/tex/latex/oberdiek/kvoptions.sty
Package: kvoptions 2011/06/30 v3.11 Key value format for package options (HO)
)
\@linkdim=\dimen133
\Hy@linkcounter=\count114
\Hy@pagecounter=\count115

(/usr/share/texlive/texmf-dist/tex/latex/hyperref/pd1enc.def
File: pd1enc.def 2012/11/06 v6.83m Hyperref: PDFDocEncoding definition (HO)
Now handling font encoding PD1 ...
... no UTF-8 mapping file for font encoding PD1
)
\Hy@SavedSpaceFactor=\count116

(/usr/share/texlive/texmf-dist/tex/latex/latexconfig/hyperref.cfg
File: hyperref.cfg 2002/06/06 v1.2 hyperref configuration of TeXLive
)
Package hyperref Info: Option `colorlinks' set `true' on input line 4319.
Package hyperref Info: Hyper figures OFF on input line 4443.
Package hyperref Info: Link nesting OFF on input line 4448.
Package hyperref Info: Hyper index ON on input line 4451.
Package hyperref Info: Plain pages OFF on input line 4458.
Package hyperref Info: Backreferencing OFF on input line 4463.
Package hyperref Info: Implicit mode ON; LaTeX internals redefined.
Package hyperref Info: Bookmarks ON on input line 4688.
\c@Hy@tempcnt=\count117

(/usr/share/texlive/texmf-dist/tex/latex/url/url.sty
\Urlmuskip=\muskip11
Package: url 2013/09/16  ver 3.4  Verb mode for urls, etc.
)
LaTeX Info: Redefining \url on input line 5041.
\XeTeXLinkMargin=\dimen134
\Fld@menulength=\count118
\Field@Width=\dimen135
\Fld@charsize=\dimen136
Package hyperref Info: Hyper figures OFF on input line 6295.
Package hyperref Info: Link nesting OFF on input line 6300.
Package hyperref Info: Hyper index ON on input line 6303.
Package hyperref Info: backreferencing OFF on input line 6310.
Package hyperref Info: Link coloring ON on input line 6313.
Package hyperref Info: Link coloring with OCG OFF on input line 6320.
Package hyperref Info: PDF/A mode OFF on input line 6325.
LaTeX Info: Redefining \ref on input line 6365.
LaTeX Info: Redefining \pageref on input line 6369.
\Hy@abspage=\count119
\c@Item=\count120
\c@Hfootnote=\count121
)

Package hyperref Message: Driver (autodetected): hpdftex.

(/usr/share/texlive/texmf-dist/tex/latex/hyperref/hpdftex.def
File: hpdftex.def 2012/11/06 v6.83m Hyperref driver for pdfTeX
\Fld@listcount=\count122
\c@bookmark@seq@number=\count123

(/usr/share/texlive/texmf-dist/tex/latex/oberdiek/rerunfilecheck.sty
Package: rerunfilecheck 2011/04/15 v1.7 Rerun checks for auxiliary files (HO)
Package uniquecounter Info: New unique counter `rerunfilecheck' on input line 2
82.
)
\Hy@SectionHShift=\skip60
)
(./tpd.aux

LaTeX Warning: Label `fig:comparativo31' multiply defined.


LaTeX Warning: Label `sub@fig:comparativo31' multiply defined.


LaTeX Warning: Label `fig:comparativo32' multiply defined.


LaTeX Warning: Label `sub@fig:comparativo32' multiply defined.


LaTeX Warning: Label `fig:anilloexacto' multiply defined.


LaTeX Warning: Label `fig:anillogoloso' multiply defined.


LaTeX Warning: Label `fig:comparativo1' multiply defined.


LaTeX Warning: Label `fig:comparativo2' multiply defined.


LaTeX Warning: Label `fig:comparativo1' multiply defined.


LaTeX Warning: Label `fig:comparativo2' multiply defined.


LaTeX Warning: Label `fig:randomexacto' multiply defined.


LaTeX Warning: Label `fig:randomgoloso' multiply defined.

)
\openout1 = `tpd.aux'.

LaTeX Font Info:    Checking defaults for OML/cmm/m/it on input line 35.
LaTeX Font Info:    ... okay on input line 35.
LaTeX Font Info:    Checking defaults for T1/cmr/m/n on input line 35.
LaTeX Font Info:    ... okay on input line 35.
LaTeX Font Info:    Checking defaults for OT1/cmr/m/n on input line 35.
LaTeX Font Info:    ... okay on input line 35.
LaTeX Font Info:    Checking defaults for OMS/cmsy/m/n on input line 35.
LaTeX Font Info:    ... okay on input line 35.
LaTeX Font Info:    Checking defaults for OMX/cmex/m/n on input line 35.
LaTeX Font Info:    ... okay on input line 35.
LaTeX Font Info:    Checking defaults for U/cmr/m/n on input line 35.
LaTeX Font Info:    ... okay on input line 35.
LaTeX Font Info:    Checking defaults for PD1/pdf/m/n on input line 35.
LaTeX Font Info:    ... okay on input line 35.

*geometry* driver: auto-detecting
*geometry* detected driver: pdftex
*geometry* verbose mode - [ preamble ] result:
* driver: pdftex
* paper: a4paper
* layout: <same size as paper>
* layoutoffset:(h,v)=(0.0pt,0.0pt)
* modes: 
* h-part:(L,W,R)=(42.67912pt, 512.14963pt, 42.67912pt)
* v-part:(T,H,B)=(56.9055pt, 731.23584pt, 56.9055pt)
* \paperwidth=597.50787pt
* \paperheight=845.04684pt
* \textwidth=512.14963pt
* \textheight=731.23584pt
* \oddsidemargin=-29.59087pt
* \evensidemargin=-29.59087pt
* \topmargin=-52.36449pt
* \headheight=12.0pt
* \headsep=25.0pt
* \topskip=12.0pt
* \footskip=30.0pt
* \marginparwidth=35.0pt
* \marginparsep=10.0pt
* \columnsep=10.0pt
* \skip\footins=10.8pt plus 4.0pt minus 2.0pt
* \hoffset=0.0pt
* \voffset=0.0pt
* \mag=1000
* \@twocolumnfalse
* \@twosidefalse
* \@mparswitchfalse
* \@reversemarginfalse
* (1in=72.27pt=25.4mm, 1cm=28.453pt)

(/usr/share/texlive/texmf-dist/tex/context/base/supp-pdf.mkii
[Loading MPS to PDF converter (version 2006.09.02).]
\scratchcounter=\count124
\scratchdimen=\dimen137
\scratchbox=\box33
\nofMPsegments=\count125
\nofMParguments=\count126
\everyMPshowfont=\toks24
\MPscratchCnt=\count127
\MPscratchDim=\dimen138
\MPnumerator=\count128
\makeMPintoPDFobject=\count129
\everyMPtoPDFconversion=\toks25
) (/usr/share/texlive/texmf-dist/tex/latex/oberdiek/epstopdf-base.sty
Package: epstopdf-base 2010/02/09 v2.5 Base part for package epstopdf

(/usr/share/texlive/texmf-dist/tex/latex/oberdiek/grfext.sty
Package: grfext 2010/08/19 v1.1 Manage graphics extensions (HO)
)
Package grfext Info: Graphics extension search list:
(grfext)             [.png,.pdf,.jpg,.mps,.jpeg,.jbig2,.jb2,.PNG,.PDF,.JPG,.JPE
G,.JBIG2,.JB2,.eps]
(grfext)             \AppendGraphicsExtensions on input line 452.

(/usr/share/texlive/texmf-dist/tex/latex/latexconfig/epstopdf-sys.cfg
File: epstopdf-sys.cfg 2010/07/13 v1.3 Configuration of (r)epstopdf for TeX Liv
e
))
Package caption Info: Begin \AtBeginDocument code.
Package caption Info: subfig package v1.3 is loaded.
Package caption Info: hyperref package is loaded.
Package caption Info: End \AtBeginDocument code.
\AtBeginShipoutBox=\box34

(/usr/share/texlive/texmf-dist/tex/latex/graphics/color.sty
Package: color 2005/11/14 v1.0j Standard LaTeX Color (DPC)

(/usr/share/texlive/texmf-dist/tex/latex/latexconfig/color.cfg
File: color.cfg 2007/01/18 v1.5 color configuration of teTeX/TeXLive
)
Package color Info: Driver file: pdftex.def on input line 130.
)
Package hyperref Info: Link coloring ON on input line 35.

(/usr/share/texlive/texmf-dist/tex/latex/hyperref/nameref.sty
Package: nameref 2012/10/27 v2.43 Cross-referencing by name of section

(/usr/share/texlive/texmf-dist/tex/generic/oberdiek/gettitlestring.sty
Package: gettitlestring 2010/12/03 v1.4 Cleanup title references (HO)
)
\c@section@level=\count130
)
LaTeX Info: Redefining \ref on input line 35.
LaTeX Info: Redefining \pageref on input line 35.
LaTeX Info: Redefining \nameref on input line 35.

(./tpd.out) (./tpd.out)
\@outlinefile=\write3
\openout3 = `tpd.out'.

LaTeX Font Info:    Try loading font information for U+msa on input line 38.

(/usr/share/texlive/texmf-dist/tex/latex/amsfonts/umsa.fd
File: umsa.fd 2013/01/14 v3.01 AMS symbols A
)
LaTeX Font Info:    Try loading font information for U+msb on input line 38.

(/usr/share/texlive/texmf-dist/tex/latex/amsfonts/umsb.fd
File: umsb.fd 2013/01/14 v3.01 AMS symbols B
)
LaTeX Font Info:    Try loading font information for T1+cmtt on input line 38.

(/usr/share/texlive/texmf-dist/tex/latex/base/t1cmtt.fd
File: t1cmtt.fd 1999/05/25 v2.5h Standard LaTeX font definitions
) [1

{/var/lib/texmf/fonts/map/pdftex/updmap/pdftex.map}] (./tpd.toc)
\tf@toc=\write4
\openout4 = `tpd.toc'.

 [2] (./explicacion.tex
Underfull \hbox (badness 10000) in paragraph at lines 1--2

 []


Underfull \hbox (badness 10000) in paragraph at lines 3--4

 []

) [3] (./correccion.tex

Package hyperref Warning: Difference (2) between bookmark levels is greater 
(hyperref)                than one, level fixed on input line 1.

LaTeX Font Info:    Try loading font information for OMS+cmr on input line 3.
(/usr/share/texlive/texmf-dist/tex/latex/base/omscmr.fd
File: omscmr.fd 1999/05/25 v2.5h Standard LaTeX font definitions
)
LaTeX Font Info:    Font shape `OMS/cmr/m/n' in size <12> not available
(Font)              Font shape `OMS/cmsy/m/n' tried instead on input line 3.
) [4]
(./ej1-explicacion.tex) (./ej1-alg.tex
Underfull \hbox (badness 10000) detected at line 31
[][]
 []


Underfull \hbox (badness 10000) in paragraph at lines 8--32

 []

[5]
Underfull \hbox (badness 10000) detected at line 51
[][]
 []


Underfull \hbox (badness 10000) in paragraph at lines 33--52

 []


Underfull \hbox (badness 10000) detected at line 76
[][]
 []


Underfull \hbox (badness 10000) in paragraph at lines 54--77

 []

[6]
Underfull \hbox (badness 10000) detected at line 107
[][]
 []


Underfull \hbox (badness 10000) in paragraph at lines 79--108

 []

[7]) (./ej1-com.tex
Underfull \hbox (badness 10000) in paragraph at lines 3--4

 []

) (./ej1-test.tex [8]
<./EJ1/referencias.jpeg, id=261, 487.8225pt x 434.62375pt>
File: ./EJ1/referencias.jpeg Graphic file (type jpg)

<use ./EJ1/referencias.jpeg>
Package pdftex.def Info: ./EJ1/referencias.jpeg used on input line 19.
(pdftex.def)             Requested size: 153.64644pt x 136.8873pt.

<./EJ1/sinSolucion.jpeg, id=262, 815.045pt x 614.295pt>
File: ./EJ1/sinSolucion.jpeg Graphic file (type jpg)

<use ./EJ1/sinSolucion.jpeg>
Package pdftex.def Info: ./EJ1/sinSolucion.jpeg used on input line 25.
(pdftex.def)             Requested size: 204.85672pt x 154.39822pt.

<./EJ1/sinSolucion1.jpeg, id=263, 815.045pt x 614.295pt>
File: ./EJ1/sinSolucion1.jpeg Graphic file (type jpg)

<use ./EJ1/sinSolucion1.jpeg>
Package pdftex.def Info: ./EJ1/sinSolucion1.jpeg used on input line 28.
(pdftex.def)             Requested size: 204.85672pt x 154.39822pt.
 <./EJ1/gym0.jpeg, id=264, 815.045pt x 614.295pt>
File: ./EJ1/gym0.jpeg Graphic file (type jpg)

<use ./EJ1/gym0.jpeg>
Package pdftex.def Info: ./EJ1/gym0.jpeg used on input line 33.
(pdftex.def)             Requested size: 204.85672pt x 154.39822pt.
 <./EJ1/gymPos.jpeg, id=265, 815.045pt x 614.295pt>
File: ./EJ1/gymPos.jpeg Graphic file (type jpg)

<use ./EJ1/gymPos.jpeg>
Package pdftex.def Info: ./EJ1/gymPos.jpeg used on input line 36.
(pdftex.def)             Requested size: 204.85672pt x 154.39822pt.
 <./EJ1/fam5.jpeg, id=266, 815.045pt x 614.295pt>
File: ./EJ1/fam5.jpeg Graphic file (type jpg)

<use ./EJ1/fam5.jpeg>
Package pdftex.def Info: ./EJ1/fam5.jpeg used on input line 41.
(pdftex.def)             Requested size: 204.85672pt x 154.39822pt.
 <./EJ1/fam6.jpeg, id=267, 815.045pt x 614.295pt>
File: ./EJ1/fam6.jpeg Graphic file (type jpg)

<use ./EJ1/fam6.jpeg>
Package pdftex.def Info: ./EJ1/fam6.jpeg used on input line 44.
(pdftex.def)             Requested size: 204.85672pt x 154.39822pt.
 <./EJ1/fam7.jpeg, id=268, 815.045pt x 614.295pt>
File: ./EJ1/fam7.jpeg Graphic file (type jpg)

<use ./EJ1/fam7.jpeg>
Package pdftex.def Info: ./EJ1/fam7.jpeg used on input line 47.
(pdftex.def)             Requested size: 204.85672pt x 154.39822pt.
 [9 <./EJ1/referencias.jpeg> <./EJ1/sinSolucion.jpeg> <./EJ1/sinSolucion1.jpeg>
]
Underfull \hbox (badness 10000) in paragraph at lines 57--58

 []


Underfull \hbox (badness 10000) in paragraph at lines 59--60

 []


Underfull \hbox (badness 10000) in paragraph at lines 61--64

 []

[10pdfTeX warning (ext4): destination with the same identifier (name{subfigure.
1.1}) has been already used, duplicate ignored

\AtBegShi@Output ...ipout \box \AtBeginShipoutBox 
                                                  \fi \fi 
l.64 
     pdfTeX warning (ext4): destination with the same identifier (name{subfigur
e.1.2}) has been already used, duplicate ignored

\AtBegShi@Output ...ipout \box \AtBeginShipoutBox 
                                                  \fi \fi 
l.64 
     pdfTeX warning (ext4): destination with the same identifier (name{subfigur
e.1.1}) has been already used, duplicate ignored

\AtBegShi@Output ...ipout \box \AtBeginShipoutBox 
                                                  \fi \fi 
l.64 
     pdfTeX warning (ext4): destination with the same identifier (name{subfigur
e.1.2}) has been already used, duplicate ignored

\AtBegShi@Output ...ipout \box \AtBeginShipoutBox 
                                                  \fi \fi 
l.64 
      <./EJ1/gym0.jpeg> <./EJ1/gymPos.jpeg> <./EJ1/fam5.jpeg> <./EJ1/fam6.jpeg>
 <./EJ1/fam7.jpeg>]
Underfull \hbox (badness 10000) in paragraph at lines 65--66

 []

<./EJ1/comparativo.png, id=291, 768.2301pt x 390.9807pt>
File: ./EJ1/comparativo.png Graphic file (type png)

<use ./EJ1/comparativo.png>
Package pdftex.def Info: ./EJ1/comparativo.png used on input line 70.
(pdftex.def)             Requested size: 499.34364pt x 254.13443pt.

Underfull \hbox (badness 10000) in paragraph at lines 77--78

 []

<./EJ1/anilloexacto.png, id=293, 586.8324pt x 442.2924pt>
File: ./EJ1/anilloexacto.png Graphic file (type png)

<use ./EJ1/anilloexacto.png>
Package pdftex.def Info: ./EJ1/anilloexacto.png used on input line 81.
(pdftex.def)             Requested size: 352.10216pt x 265.37749pt.
 [11 <./EJ1/comparativo.png>]
<./EJ1/fuerzabruta.png, id=299, 702.625pt x 501.875pt>
File: ./EJ1/fuerzabruta.png Graphic file (type png)

<use ./EJ1/fuerzabruta.png>
Package pdftex.def Info: ./EJ1/fuerzabruta.png used on input line 90.
(pdftex.def)             Requested size: 421.57825pt x 301.12732pt.
 [12 <./EJ1/anilloexacto.png> <./EJ1/fuerzabruta.png>]) [13] (./ej2-explicacion
.tex
<./EJ2/optima.jpeg, id=312, 815.045pt x 614.295pt>
File: ./EJ2/optima.jpeg Graphic file (type jpg)
 <use ./EJ2/optima.jpeg>
Package pdftex.def Info: ./EJ2/optima.jpeg used on input line 35.
(pdftex.def)             Requested size: 326.01222pt x 245.71364pt.

[14 <./EJ2/optima.jpeg>] <./EJ2/nooptima.jpeg, id=318, 2409.0pt x 1246.6575pt>
File: ./EJ2/nooptima.jpeg Graphic file (type jpg)

<use ./EJ2/nooptima.jpeg>
Package pdftex.def Info: ./EJ2/nooptima.jpeg used on input line 44.
(pdftex.def)             Requested size: 481.79147pt x 249.32709pt.
) (./ej2-alg.tex [15 <./EJ2/nooptima.jpeg>]
Underfull \hbox (badness 10000) detected at line 33
[][]
 []


Underfull \hbox (badness 10000) in paragraph at lines 8--34

 []


Underfull \hbox (badness 10000) detected at line 64
[][]
 []


Underfull \hbox (badness 10000) in paragraph at lines 35--65

 []

[16]
Underfull \hbox (badness 10000) detected at line 87
[][]
 []


Underfull \hbox (badness 10000) in paragraph at lines 67--88

 []

[17]) (./ej2-com.tex) (./ej2-dem.tex
Underfull \hbox (badness 10000) in paragraph at lines 16--17

 []


Underfull \hbox (badness 10000) in paragraph at lines 16--17

 []

pdfTeX warning (ext4): destination with the same identifier (name{subfigure.1.1
}) has been already used, duplicate ignored
<to be read again> 
                   \relax 
l.20   \subfloat
                [Familia 1: actua poda 1]{
<./EJ2/fam1medicion.png, id=334, 702.625pt x 501.875pt>
File: ./EJ2/fam1medicion.png Graphic file (type png)

<use ./EJ2/fam1medicion.png>
Package pdftex.def Info: ./EJ2/fam1medicion.png used on input line 21.
(pdftex.def)             Requested size: 230.46576pt x 164.61606pt.
pdfTeX warning (ext4): destination with the same identifier (name{subfigure.1.2
}) has been already used, duplicate ignored
<to be read again> 
                   \relax 
l.23   \subfloat
                [Familia 2: actua poda 2]{
<./EJ2/fam2medicion.png, id=335, 702.625pt x 501.875pt>
File: ./EJ2/fam2medicion.png Graphic file (type png)

<use ./EJ2/fam2medicion.png>
Package pdftex.def Info: ./EJ2/fam2medicion.png used on input line 24.
(pdftex.def)             Requested size: 230.46576pt x 164.61606pt.


LaTeX Warning: `h' float specifier changed to `ht'.

[18] <./EJ2/todos0.png, id=341, 586.8324pt x 442.2924pt>
File: ./EJ2/todos0.png Graphic file (type png)

<use ./EJ2/todos0.png>
Package pdftex.def Info: ./EJ2/todos0.png used on input line 40.
(pdftex.def)             Requested size: 234.72879pt x 176.91382pt.
File: ./EJ2/optima.jpeg Graphic file (type jpg)
 <use ./EJ2/optima.jpeg>
Package pdftex.def Info: ./EJ2/optima.jpeg used on input line 55.
(pdftex.def)             Requested size: 244.51538pt x 184.28992pt.
 [19 <./EJ2/fam1medicion.png> <./EJ2/fam2medicion.png> <./EJ2/todos0.png>]pdfTe
X warning (ext4): destination with the same identifier (name{subfigure.1.1}) ha
s been already used, duplicate ignored
<to be read again> 
                   \relax 
l.72   \subfloat
                [Algoritmo exacto]{
<./EJ2/fam5exacto.png, id=351, 586.8324pt x 442.2924pt>
File: ./EJ2/fam5exacto.png Graphic file (type png)

<use ./EJ2/fam5exacto.png>
Package pdftex.def Info: ./EJ2/fam5exacto.png used on input line 73.
(pdftex.def)             Requested size: 230.46576pt x 173.70139pt.
pdfTeX warning (ext4): destination with the same identifier (name{subfigure.1.2
}) has been already used, duplicate ignored
<to be read again> 
                   \relax 
l.75   \subfloat
                [Algoritmo goloso]{
<./EJ2/fam5goloso.png, id=352, 586.8324pt x 442.2924pt>
File: ./EJ2/fam5goloso.png Graphic file (type png)

<use ./EJ2/fam5goloso.png>
Package pdftex.def Info: ./EJ2/fam5goloso.png used on input line 76.
(pdftex.def)             Requested size: 230.46576pt x 173.70139pt.

Underfull \hbox (badness 10000) in paragraph at lines 80--81

 []


Underfull \hbox (badness 10000) in paragraph at lines 80--81

 []

pdfTeX warning (ext4): destination with the same identifier (name{subfigure.1.1
}) has been already used, duplicate ignored
<to be read again> 
                   \relax 
l.85   \subfloat
                [Comparación de distancias obtenidas]{
<./EJ2/gym0Dif.png, id=353, 702.625pt x 501.875pt>
File: ./EJ2/gym0Dif.png Graphic file (type png)
 <use ./EJ2/gym0Dif.png>
Package pdftex.def Info: ./EJ2/gym0Dif.png used on input line 87.
(pdftex.def)             Requested size: 256.07481pt x 182.91098pt.
pdfTeX warning (ext4): destination with the same identifier (name{subfigure.1.2
}) has been already used, duplicate ignored
<to be read again> 
                   \relax 
l.88   \subfloat
                [Porcentaje de error relativo del goloso]{
<./EJ2/gym0Error.png, id=354, 702.625pt x 501.875pt>
File: ./EJ2/gym0Error.png Graphic file (type png)
 <use ./EJ2/gym0Error.png>
Package pdftex.def Info: ./EJ2/gym0Error.png used on input line 90.
(pdftex.def)             Requested size: 256.07481pt x 182.91098pt.

Overfull \hbox (15.66284pt too wide) in paragraph at lines 87--91
 [][][][][][] 
 []


LaTeX Warning: `h' float specifier changed to `ht'.


Underfull \hbox (badness 10000) in paragraph at lines 99--101

 []


Underfull \hbox (badness 10000) in paragraph at lines 99--101

 []

[20 <./EJ2/fam5exacto.png> <./EJ2/fam5goloso.png>]pdfTeX warning (ext4): destin
ation with the same identifier (name{subfigure.1.1}) has been already used, dup
licate ignored
<to be read again> 
                   \relax 
l.104   \subfloat
                 [Comparación de distancias obtenidas]{
<./EJ2/caminosinorden1.png, id=363, 1233.6489pt x 618.6312pt>
File: ./EJ2/caminosinorden1.png Graphic file (type png)

<use ./EJ2/caminosinorden1.png>
Package pdftex.def Info: ./EJ2/caminosinorden1.png used on input line 106.
(pdftex.def)             Requested size: 256.07481pt x 128.40605pt.
pdfTeX warning (ext4): destination with the same identifier (name{subfigure.1.2
}) has been already used, duplicate ignored
<to be read again> 
                   \relax 
l.107   \subfloat
                 [Porcentaje de error relativo del goloso]{
<./EJ2/caminosinorden.png, id=364, 1233.6489pt x 618.6312pt>
File: ./EJ2/caminosinorden.png Graphic file (type png)

<use ./EJ2/caminosinorden.png>
Package pdftex.def Info: ./EJ2/caminosinorden.png used on input line 109.
(pdftex.def)             Requested size: 256.07481pt x 128.40605pt.

Overfull \hbox (15.66284pt too wide) in paragraph at lines 106--110
 [][][][][][] 
 []


Underfull \hbox (badness 10000) in paragraph at lines 114--115

 []

pdfTeX warning (ext4): destination with the same identifier (name{subfigure.1.1
}) has been already used, duplicate ignored
<to be read again> 
                   \relax 
l.118   \subfloat
                 [Comparación de distancias obtenidas]{
<./EJ2/sinOrdenDif.png, id=365, 702.625pt x 501.875pt>
File: ./EJ2/sinOrdenDif.png Graphic file (type png)

<use ./EJ2/sinOrdenDif.png>
Package pdftex.def Info: ./EJ2/sinOrdenDif.png used on input line 120.
(pdftex.def)             Requested size: 256.07481pt x 182.91098pt.
pdfTeX warning (ext4): destination with the same identifier (name{subfigure.1.2
}) has been already used, duplicate ignored
<to be read again> 
                   \relax 
l.121   \subfloat
                 [Porcentaje de error relativo del goloso]{
<./EJ2/sinordenError.png, id=366, 702.625pt x 501.875pt>
File: ./EJ2/sinordenError.png Graphic file (type png)

<use ./EJ2/sinordenError.png>
Package pdftex.def Info: ./EJ2/sinordenError.png used on input line 123.
(pdftex.def)             Requested size: 256.07481pt x 182.91098pt.

Overfull \hbox (15.66284pt too wide) in paragraph at lines 120--124
 [][][][][][] 
 []


LaTeX Warning: `h' float specifier changed to `ht'.

[21 <./EJ2/gym0Dif.png> <./EJ2/gym0Error.png> <./EJ2/caminosinorden1.png> <./EJ
2/caminosinorden.png>]pdfTeX warning (ext4): destination with the same identifi
er (name{subfigure.1.1}) has been already used, duplicate ignored
<to be read again> 
                   \relax 
l.137   \subfloat
                 [Algoritmo exacto]{
<./EJ2/anilloexacto.png, id=377, 586.8324pt x 442.2924pt>
File: ./EJ2/anilloexacto.png Graphic file (type png)

<use ./EJ2/anilloexacto.png>
Package pdftex.def Info: ./EJ2/anilloexacto.png used on input line 138.
(pdftex.def)             Requested size: 230.46576pt x 173.70139pt.
pdfTeX warning (ext4): destination with the same identifier (name{subfigure.1.2
}) has been already used, duplicate ignored
<to be read again> 
                   \relax 
l.140   \subfloat
                 [Algoritmo goloso]{
<./EJ2/anillogoloso.png, id=378, 806.5332pt x 615.7404pt>
File: ./EJ2/anillogoloso.png Graphic file (type png)

<use ./EJ2/anillogoloso.png>
Package pdftex.def Info: ./EJ2/anillogoloso.png used on input line 141.
(pdftex.def)             Requested size: 230.46576pt x 175.94821pt.

<./EJ2/dibujoorientativo.png, id=379, 815.045pt x 614.295pt>
File: ./EJ2/dibujoorientativo.png Graphic file (type png)

<use ./EJ2/dibujoorientativo.png>
Package pdftex.def Info: ./EJ2/dibujoorientativo.png used on input line 152.
(pdftex.def)             Requested size: 384.11221pt x 289.50604pt.
 [22 <./EJ2/sinOrdenDif.png> <./EJ2/sinordenError.png> <./EJ2/anilloexacto.png>
 <./EJ2/anillogoloso.png>]pdfTeX warning (ext4): destination with the same iden
tifier (name{subfigure.1.1}) has been already used, duplicate ignored
<to be read again> 
                   \relax 
l.190   \subfloat
                 [Algoritmo exacto]{
<./EJ2/anillosDif.png, id=390, 526.96875pt x 376.40625pt>
File: ./EJ2/anillosDif.png Graphic file (type png)

<use ./EJ2/anillosDif.png>
Package pdftex.def Info: ./EJ2/anillosDif.png used on input line 192.
(pdftex.def)             Requested size: 256.07481pt x 182.91864pt.
pdfTeX warning (ext4): destination with the same identifier (name{subfigure.1.2
}) has been already used, duplicate ignored
<to be read again> 
                   \relax 
l.193   \subfloat
                 [Algoritmo goloso]{
<./EJ2/anillosError.png, id=391, 702.625pt x 501.875pt>
File: ./EJ2/anillosError.png Graphic file (type png)

<use ./EJ2/anillosError.png>
Package pdftex.def Info: ./EJ2/anillosError.png used on input line 195.
(pdftex.def)             Requested size: 256.07481pt x 182.91098pt.

Overfull \hbox (15.66284pt too wide) in paragraph at lines 192--196
 [][][][][][] 
 []

[23 <./EJ2/dibujoorientativo.png>]
<./EJ2/box.png, id=398, 702.625pt x 501.875pt>
File: ./EJ2/box.png Graphic file (type png)
 <use ./EJ2/box.png>
Package pdftex.def Info: ./EJ2/box.png used on input line 208.
(pdftex.def)             Requested size: 384.11221pt x 274.37032pt.
 [24 <./EJ2/anillosDif.png> <./EJ2/anillosError.png> <./EJ2/box.png>]
<./EJ2/box1.png, id=408, 702.625pt x 501.875pt>
File: ./EJ2/box1.png Graphic file (type png)
 <use ./EJ2/box1.png>
Package pdftex.def Info: ./EJ2/box1.png used on input line 216.
(pdftex.def)             Requested size: 384.11221pt x 274.37032pt.

<./EJ2/comparativo.png, id=409, 768.2301pt x 390.9807pt>
File: ./EJ2/comparativo.png Graphic file (type png)

<use ./EJ2/comparativo.png>
Package pdftex.def Info: ./EJ2/comparativo.png used on input line 225.
(pdftex.def)             Requested size: 460.94162pt x 234.59023pt.
pdfTeX warning (ext4): destination with the same identifier (name{subfigure.1.1
}) has been already used, duplicate ignored
<to be read again> 
                   \relax 
l.231   \subfloat
                 [Detalle sin la familia 6]{
<./EJ2/comparativo1.png, id=410, 768.2301pt x 390.9807pt>
File: ./EJ2/comparativo1.png Graphic file (type png)

<use ./EJ2/comparativo1.png>
Package pdftex.def Info: ./EJ2/comparativo1.png used on input line 232.
(pdftex.def)             Requested size: 230.46576pt x 117.28914pt.
pdfTeX warning (ext4): destination with the same identifier (name{subfigure.1.2
}) has been already used, duplicate ignored
<to be read again> 
                   \relax 
l.234   \subfloat
                 [Detalle de las familias menos costosas]{
<./EJ2/comparativo2.png, id=411, 702.625pt x 501.875pt>
File: ./EJ2/comparativo2.png Graphic file (type png)

<use ./EJ2/comparativo2.png>
Package pdftex.def Info: ./EJ2/comparativo2.png used on input line 235.
(pdftex.def)             Requested size: 230.46576pt x 164.61606pt.
 [25 <./EJ2/box1.png> <./EJ2/comparativo.png>]
<./EJ2/mejorcaso.png, id=420, 526.96875pt x 376.40625pt>
File: ./EJ2/mejorcaso.png Graphic file (type png)

<use ./EJ2/mejorcaso.png>
Package pdftex.def Info: ./EJ2/mejorcaso.png used on input line 245.
(pdftex.def)             Requested size: 316.18369pt x 225.84547pt.
 [26 <./EJ2/comparativo1.png> <./EJ2/comparativo2.png> <./EJ2/mejorcaso.png>]
Underfull \hbox (badness 10000) in paragraph at lines 257--258

 []


Underfull \hbox (badness 10000) in paragraph at lines 263--264

 []


Underfull \hbox (badness 10000) in paragraph at lines 265--267

 []


Underfull \hbox (badness 10000) in paragraph at lines 275--276

 []

[27]
Underfull \hbox (badness 10000) in paragraph at lines 285--286

 []

<./EJ2/familiaMochila.png, id=435, 702.625pt x 501.875pt>
File: ./EJ2/familiaMochila.png Graphic file (type png)

<use ./EJ2/familiaMochila.png>
Package pdftex.def Info: ./EJ2/familiaMochila.png used on input line 289.
(pdftex.def)             Requested size: 421.57825pt x 301.12732pt.
pdfTeX warning (ext4): destination with the same identifier (name{subfigure.1.1
}) has been already used, duplicate ignored
<to be read again> 
                   \relax 
l.295   \subfloat
                 [Repercusión en goloso]{
<./EJ2/mochilaGoloso.png, id=436, 526.96875pt x 376.40625pt>
File: ./EJ2/mochilaGoloso.png Graphic file (type png)

<use ./EJ2/mochilaGoloso.png>
Package pdftex.def Info: ./EJ2/mochilaGoloso.png used on input line 296.
(pdftex.def)             Requested size: 230.46576pt x 164.61989pt.
pdfTeX warning (ext4): destination with the same identifier (name{subfigure.1.2
}) has been already used, duplicate ignored
<to be read again> 
                   \relax 
l.298   \subfloat
                 [Repercusión en backtraking]{
<./EJ2/mochilaBacktrakingFamilia.png, id=437, 526.96875pt x 368.1253pt>
File: ./EJ2/mochilaBacktrakingFamilia.png Graphic file (type png)

<use ./EJ2/mochilaBacktrakingFamilia.png>
Package pdftex.def Info: ./EJ2/mochilaBacktrakingFamilia.png used on input line
 299.
(pdftex.def)             Requested size: 230.46576pt x 160.99825pt.

<./EJ2/randomMochila.png, id=438, 702.625pt x 501.875pt>
File: ./EJ2/randomMochila.png Graphic file (type png)

<use ./EJ2/randomMochila.png>
Package pdftex.def Info: ./EJ2/randomMochila.png used on input line 305.
(pdftex.def)             Requested size: 421.57825pt x 301.12732pt.
 [28 <./EJ2/familiaMochila.png> <./EJ2/mochilaGoloso.png> <./EJ2/mochilaBacktra
kingFamilia.png>]pdfTeX warning (ext4): destination with the same identifier (n
ame{subfigure.1.1}) has been already used, duplicate ignored
<to be read again> 
                   \relax 
l.311   \subfloat
                 [Repercusión en goloso]{
<./EJ2/mochilaGolosoRandom.png, id=448, 526.96875pt x 376.40625pt>
File: ./EJ2/mochilaGolosoRandom.png Graphic file (type png)

<use ./EJ2/mochilaGolosoRandom.png>
Package pdftex.def Info: ./EJ2/mochilaGolosoRandom.png used on input line 312.
(pdftex.def)             Requested size: 230.46576pt x 164.61989pt.
pdfTeX warning (ext4): destination with the same identifier (name{subfigure.1.2
}) has been already used, duplicate ignored
<to be read again> 
                   \relax 
l.314   \subfloat
                 [Repercusión en backtraking]{
<./EJ2/mochilaBacktrakingRandom.png, id=449, 526.96875pt x 376.40625pt>
File: ./EJ2/mochilaBacktrakingRandom.png Graphic file (type png)

<use ./EJ2/mochilaBacktrakingRandom.png>
Package pdftex.def Info: ./EJ2/mochilaBacktrakingRandom.png used on input line 
315.
(pdftex.def)             Requested size: 230.46576pt x 164.61989pt.
 [29 <./EJ2/randomMochila.png> <./EJ2/mochilaGolosoRandom.png> <./EJ2/mochilaBa
cktrakingRandom.png>]pdfTeX warning (ext4): destination with the same identifie
r (name{subfigure.1.1}) has been already used, duplicate ignored
<to be read again> 
                   \relax 
l.332   \subfloat
                 [Algoritmo exacto]{
<./EJ2/randomexacto.png, id=458, 586.8324pt x 442.2924pt>
File: ./EJ2/randomexacto.png Graphic file (type png)

<use ./EJ2/randomexacto.png>
Package pdftex.def Info: ./EJ2/randomexacto.png used on input line 333.
(pdftex.def)             Requested size: 230.46576pt x 173.70139pt.
pdfTeX warning (ext4): destination with the same identifier (name{subfigure.1.2
}) has been already used, duplicate ignored
<to be read again> 
                   \relax 
l.335   \subfloat
                 [Algoritmo goloso]{
<./EJ2/randomgoloso.png, id=459, 586.8324pt x 442.2924pt>
File: ./EJ2/randomgoloso.png Graphic file (type png)

<use ./EJ2/randomgoloso.png>
Package pdftex.def Info: ./EJ2/randomgoloso.png used on input line 336.
(pdftex.def)             Requested size: 230.46576pt x 173.70139pt.

Underfull \hbox (badness 10000) in paragraph at lines 340--341

 []

<./EJ2/random.png, id=460, 702.625pt x 501.875pt>
File: ./EJ2/random.png Graphic file (type png)
 <use ./EJ2/random.png>
Package pdftex.def Info: ./EJ2/random.png used on input line 344.
(pdftex.def)             Requested size: 384.11221pt x 274.37032pt.

<./EJ2/randomError.png, id=461, 702.625pt x 501.875pt>
File: ./EJ2/randomError.png Graphic file (type png)

<use ./EJ2/randomError.png>
Package pdftex.def Info: ./EJ2/randomError.png used on input line 350.
(pdftex.def)             Requested size: 384.11221pt x 274.37032pt.
 [30 <./EJ2/randomexacto.png> <./EJ2/randomgoloso.png> <./EJ2/random.png>]pdfTe
X warning (ext4): destination with the same identifier (name{subfigure.1.1}) ha
s been already used, duplicate ignored
<to be read again> 
                   \relax 
l.362   \subfloat
                 [Algoritmo exacto]{
<./EJ2/familiaexacto.png, id=472, 1175.1102pt x 641.0349pt>
File: ./EJ2/familiaexacto.png Graphic file (type png)

<use ./EJ2/familiaexacto.png>
Package pdftex.def Info: ./EJ2/familiaexacto.png used on input line 363.
(pdftex.def)             Requested size: 230.46576pt x 125.72023pt.
pdfTeX warning (ext4): destination with the same identifier (name{subfigure.1.2
}) has been already used, duplicate ignored
<to be read again> 
                   \relax 
l.365   \subfloat
                 [Algoritmo goloso]{
<./EJ2/familiaGoloso.png, id=473, 1175.1102pt x 641.0349pt>
File: ./EJ2/familiaGoloso.png Graphic file (type png)

<use ./EJ2/familiaGoloso.png>
Package pdftex.def Info: ./EJ2/familiaGoloso.png used on input line 366.
(pdftex.def)             Requested size: 230.46576pt x 125.72023pt.

Underfull \hbox (badness 10000) in paragraph at lines 370--371

 []

<./EJ2/familia.png, id=474, 702.625pt x 501.875pt>
File: ./EJ2/familia.png Graphic file (type png)
 <use ./EJ2/familia.png>
Package pdftex.def Info: ./EJ2/familia.png used on input line 374.
(pdftex.def)             Requested size: 384.11221pt x 274.37032pt.

[31 <./EJ2/randomError.png> <./EJ2/familiaexacto.png> <./EJ2/familiaGoloso.png>
] <./EJ2/familiaError.png, id=485, 702.625pt x 501.875pt>
File: ./EJ2/familiaError.png Graphic file (type png)

<use ./EJ2/familiaError.png>
Package pdftex.def Info: ./EJ2/familiaError.png used on input line 380.
(pdftex.def)             Requested size: 384.11221pt x 274.37032pt.
 <./EJ2/box2.png, id=486, 702.625pt x 501.875pt>
File: ./EJ2/box2.png Graphic file (type png)

<use ./EJ2/box2.png>
Package pdftex.def Info: ./EJ2/box2.png used on input line 390.
(pdftex.def)             Requested size: 384.11221pt x 274.37032pt.
 [32 <./EJ2/familia.png> <./EJ2/familiaError.png>])
[33 <./EJ2/box2.png>] (./ej3-explicacion.tex
Underfull \hbox (badness 10000) in paragraph at lines 13--14

 []

<./EJ3/ejemplo2opt.png, id=498, 835.4412pt x 831.8277pt>
File: ./EJ3/ejemplo2opt.png Graphic file (type png)

<use ./EJ3/ejemplo2opt.png>
Package pdftex.def Info: ./EJ3/ejemplo2opt.png used on input line 19.
(pdftex.def)             Requested size: 250.6343pt x 249.55023pt.
 [34 <./EJ3/ejemplo2opt.png>]
<./EJ3/ejemplo3optCaso1.png, id=504, 561.5379pt x 831.8277pt>
File: ./EJ3/ejemplo3optCaso1.png Graphic file (type png)

<use ./EJ3/ejemplo3optCaso1.png>
Package pdftex.def Info: ./EJ3/ejemplo3optCaso1.png used on input line 29.
(pdftex.def)             Requested size: 168.46266pt x 249.55023pt.

<./EJ3/ejemploSwap.png, id=505, 835.4412pt x 831.8277pt>
File: ./EJ3/ejemploSwap.png Graphic file (type png)

<use ./EJ3/ejemploSwap.png>
Package pdftex.def Info: ./EJ3/ejemploSwap.png used on input line 53.
(pdftex.def)             Requested size: 250.6343pt x 249.55023pt.
 [35 <./EJ3/ejemplo3optCaso1.png>]
Underfull \hbox (badness 10000) in paragraph at lines 60--61

 []

) (./ej3-alg.tex [36 <./EJ3/ejemploSwap.png>]
Underfull \hbox (badness 10000) detected at line 42
[][]
 []


Underfull \hbox (badness 10000) in paragraph at lines 8--43

 []


Underfull \hbox (badness 10000) detected at line 78
[][]
 []


Underfull \hbox (badness 10000) in paragraph at lines 44--79

 []

[37]
Underfull \hbox (badness 10000) detected at line 143
[][]
 []


Underfull \hbox (badness 10000) in paragraph at lines 80--144

 []

[38]
Underfull \hbox (badness 10000) detected at line 153
[][]
 []


Underfull \hbox (badness 10000) in paragraph at lines 145--154

 []

[39]
Underfull \hbox (badness 10000) detected at line 207
[][]
 []


Underfull \hbox (badness 10000) in paragraph at lines 155--208

 []


Underfull \hbox (badness 10000) detected at line 228
[][]
 []


Underfull \hbox (badness 10000) in paragraph at lines 209--229

 []

[40]) (./ej3-test1.tex [41]
Underfull \hbox (badness 10000) in paragraph at lines 3--4

 []


Underfull \hbox (badness 10000) in paragraph at lines 3--4

 []


Underfull \hbox (badness 10000) in paragraph at lines 19--21

 []


Underfull \hbox (badness 10000) in paragraph at lines 19--21

 []

pdfTeX warning (ext4): destination with the same identifier (name{subfigure.1.1
}) has been already used, duplicate ignored
<to be read again> 
                   \relax 
l.24   \subfloat
                [Distancias]{
<./EJ3/distanciasLocales20M.png, id=548, 702.625pt x 501.875pt>
File: ./EJ3/distanciasLocales20M.png Graphic file (type png)

<use ./EJ3/distanciasLocales20M.png>
Package pdftex.def Info: ./EJ3/distanciasLocales20M.png used on input line 25.
(pdftex.def)             Requested size: 230.46576pt x 164.61606pt.
pdfTeX warning (ext4): destination with the same identifier (name{subfigure.1.2
}) has been already used, duplicate ignored
<to be read again> 
                   \relax 
l.27   \subfloat
                [Porcentaje de mejora]{
<./EJ3/mejoraLocales20M.png, id=549, 702.625pt x 501.875pt>
File: ./EJ3/mejoraLocales20M.png Graphic file (type png)

<use ./EJ3/mejoraLocales20M.png>
Package pdftex.def Info: ./EJ3/mejoraLocales20M.png used on input line 28.
(pdftex.def)             Requested size: 230.46576pt x 164.61606pt.

<./EJ3/tiemposLocales20M.png, id=550, 702.625pt x 501.875pt>
File: ./EJ3/tiemposLocales20M.png Graphic file (type png)

<use ./EJ3/tiemposLocales20M.png>
Package pdftex.def Info: ./EJ3/tiemposLocales20M.png used on input line 34.
(pdftex.def)             Requested size: 351.31163pt x 250.93687pt.
 [42 <./EJ3/distanciasLocales20M.png> <./EJ3/mejoraLocales20M.png>]pdfTeX warni
ng (ext4): destination with the same identifier (name{subfigure.1.1}) has been 
already used, duplicate ignored
<to be read again> 
                   \relax 
l.44   \subfloat
                [Distancias]{
<./EJ3/distanciasLocales470.png, id=561, 702.625pt x 501.875pt>
File: ./EJ3/distanciasLocales470.png Graphic file (type png)

<use ./EJ3/distanciasLocales470.png>
Package pdftex.def Info: ./EJ3/distanciasLocales470.png used on input line 45.
(pdftex.def)             Requested size: 230.46576pt x 164.61606pt.
pdfTeX warning (ext4): destination with the same identifier (name{subfigure.1.2
}) has been already used, duplicate ignored
<to be read again> 
                   \relax 
l.47   \subfloat
                [Porcentaje de mejora]{
<./EJ3/mejoraLocales470.png, id=562, 702.625pt x 501.875pt>
File: ./EJ3/mejoraLocales470.png Graphic file (type png)

<use ./EJ3/mejoraLocales470.png>
Package pdftex.def Info: ./EJ3/mejoraLocales470.png used on input line 48.
(pdftex.def)             Requested size: 230.46576pt x 164.61606pt.

Underfull \hbox (badness 10000) in paragraph at lines 40--51

 []

<./EJ3/tiemposLocales470.png, id=563, 702.625pt x 501.875pt>
File: ./EJ3/tiemposLocales470.png Graphic file (type png)

<use ./EJ3/tiemposLocales470.png>
Package pdftex.def Info: ./EJ3/tiemposLocales470.png used on input line 54.
(pdftex.def)             Requested size: 351.31163pt x 250.93687pt.
 [43 <./EJ3/tiemposLocales20M.png> <./EJ3/distanciasLocales470.png> <./EJ3/mejo
raLocales470.png>]
Underfull \hbox (badness 10000) in paragraph at lines 60--62

 []


Underfull \hbox (badness 10000) in paragraph at lines 60--62

 []

[44 <./EJ3/tiemposLocales470.png>]pdfTeX warning (ext4): destination with the s
ame identifier (name{subfigure.1.1}) has been already used, duplicate ignored
<to be read again> 
                   \relax 
l.70   \subfloat
                [Distancias]{
<./EJ3/distanciasLocales20cuadM.png, id=578, 702.625pt x 501.875pt>
File: ./EJ3/distanciasLocales20cuadM.png Graphic file (type png)

<use ./EJ3/distanciasLocales20cuadM.png>
Package pdftex.def Info: ./EJ3/distanciasLocales20cuadM.png used on input line 
71.
(pdftex.def)             Requested size: 230.46576pt x 164.61606pt.
pdfTeX warning (ext4): destination with the same identifier (name{subfigure.1.2
}) has been already used, duplicate ignored
<to be read again> 
                   \relax 
l.73   \subfloat
                [Porcentaje de mejora]{
<./EJ3/mejoraLocales20cuadM.png, id=579, 702.625pt x 501.875pt>
File: ./EJ3/mejoraLocales20cuadM.png Graphic file (type png)

<use ./EJ3/mejoraLocales20cuadM.png>
Package pdftex.def Info: ./EJ3/mejoraLocales20cuadM.png used on input line 74.
(pdftex.def)             Requested size: 230.46576pt x 164.61606pt.

<./EJ3/tiemposLocales20cuadM.png, id=580, 702.625pt x 501.875pt>
File: ./EJ3/tiemposLocales20cuadM.png Graphic file (type png)

<use ./EJ3/tiemposLocales20cuadM.png>
Package pdftex.def Info: ./EJ3/tiemposLocales20cuadM.png used on input line 80.

(pdftex.def)             Requested size: 351.31163pt x 250.93687pt.

Underfull \hbox (badness 10000) in paragraph at lines 86--88

 []


Underfull \hbox (badness 10000) in paragraph at lines 86--88

 []


Underfull \hbox (badness 10000) in paragraph at lines 89--91

 []


Underfull \hbox (badness 10000) in paragraph at lines 89--91

 []

pdfTeX warning (ext4): destination with the same identifier (name{subfigure.1.1
}) has been already used, duplicate ignored
<to be read again> 
                   \relax 
l.94   \subfloat
                [Distancias]{
<./EJ3/distanciasLocales470cuad.png, id=581, 702.625pt x 501.875pt>
File: ./EJ3/distanciasLocales470cuad.png Graphic file (type png)

<use ./EJ3/distanciasLocales470cuad.png>
Package pdftex.def Info: ./EJ3/distanciasLocales470cuad.png used on input line 
95.
(pdftex.def)             Requested size: 230.46576pt x 164.61606pt.
pdfTeX warning (ext4): destination with the same identifier (name{subfigure.1.2
}) has been already used, duplicate ignored
<to be read again> 
                   \relax 
l.97   \subfloat
                [Porcentaje de mejora]{
<./EJ3/mejoraLocales470cuad.png, id=582, 702.625pt x 501.875pt>
File: ./EJ3/mejoraLocales470cuad.png Graphic file (type png)

<use ./EJ3/mejoraLocales470cuad.png>
Package pdftex.def Info: ./EJ3/mejoraLocales470cuad.png used on input line 98.
(pdftex.def)             Requested size: 230.46576pt x 164.61606pt.


LaTeX Warning: `h' float specifier changed to `ht'.

[45 <./EJ3/distanciasLocales20cuadM.png> <./EJ3/mejoraLocales20cuadM.png> <./EJ
3/tiemposLocales20cuadM.png>]
<./EJ3/tiemposLocales470cuad.png, id=592, 702.625pt x 501.875pt>
File: ./EJ3/tiemposLocales470cuad.png Graphic file (type png)

<use ./EJ3/tiemposLocales470cuad.png>
Package pdftex.def Info: ./EJ3/tiemposLocales470cuad.png used on input line 104
.
(pdftex.def)             Requested size: 351.31163pt x 250.93687pt.
 [46 <./EJ3/distanciasLocales470cuad.png> <./EJ3/mejoraLocales470cuad.png> <./E
J3/tiemposLocales470cuad.png>])
Underfull \hbox (badness 10000) in paragraph at lines 118--87

 []


Underfull \hbox (badness 10000) in paragraph at lines 118--87

 []

[47] (./ej4-explicacion.tex
Underfull \hbox (badness 10000) in paragraph at lines 3--4

 []


Underfull \hbox (badness 10000) in paragraph at lines 5--8

 []


Underfull \hbox (badness 10000) in paragraph at lines 9--11

 []


Underfull \hbox (badness 10000) in paragraph at lines 12--13

 []


Underfull \hbox (badness 10000) in paragraph at lines 14--17

 []


Underfull \hbox (badness 10000) in paragraph at lines 18--20

 []


Underfull \hbox (badness 10000) in paragraph at lines 21--22

 []

[48]) (./ej4-alg.tex [49]
Underfull \hbox (badness 10000) detected at line 92
[][]
 []


Underfull \hbox (badness 10000) in paragraph at lines 18--93

 []

[50]
Overfull \vbox (122.57098pt too high) has occurred while \output is active []


[51]
Underfull \hbox (badness 10000) in paragraph at lines 94--97

 []


Underfull \hbox (badness 10000) in paragraph at lines 98--99

 []


Overfull \hbox (5.4663pt too wide) in paragraph at lines 113--114
\T1/cmr/m/n/12 truc-tura de ar-bol ro-jine-gro que puede bus-car, in-ser-tar y 
bor-rar en un tiempo O($\OML/cmm/m/it/12 log\OT1/cmr/m/n/12 (\OML/cmm/m/it/12 T
enorTabu\OT1/cmr/m/n/12 )$\T1/cmr/m/n/12 ),
 []

) (./ej4-com.tex) (./ej4-test.tex [52]
Underfull \hbox (badness 10000) in paragraph at lines 12--14

 []

<./EJ4/fam4goloso.png, id=630, 1233.6489pt x 618.6312pt>
File: ./EJ4/fam4goloso.png Graphic file (type png)

<use ./EJ4/fam4goloso.png>
Package pdftex.def Info: ./EJ4/fam4goloso.png used on input line 34.
(pdftex.def)             Requested size: 370.09753pt x 185.59079pt.
 [53]
<./EJ4/fam42opt.png, id=644, 1233.6489pt x 618.6312pt>
File: ./EJ4/fam42opt.png Graphic file (type png)

<use ./EJ4/fam42opt.png>
Package pdftex.def Info: ./EJ4/fam42opt.png used on input line 41.
(pdftex.def)             Requested size: 370.09753pt x 185.59079pt.

<./EJ4/fam43opt.png, id=645, 1233.6489pt x 618.6312pt>
File: ./EJ4/fam43opt.png Graphic file (type png)

<use ./EJ4/fam43opt.png>
Package pdftex.def Info: ./EJ4/fam43opt.png used on input line 48.
(pdftex.def)             Requested size: 370.09753pt x 185.59079pt.

Underfull \hbox (badness 10000) in paragraph at lines 53--54

 []

[54 <./EJ4/fam4goloso.png> <./EJ4/fam42opt.png> <./EJ4/fam43opt.png>]
<./EJ4/comparativogym02opt.png, id=653, 768.2301pt x 390.9807pt>
File: ./EJ4/comparativogym02opt.png Graphic file (type png)

<use ./EJ4/comparativogym02opt.png>
Package pdftex.def Info: ./EJ4/comparativogym02opt.png used on input line 59.
(pdftex.def)             Requested size: 384.1141pt x 195.48987pt.

<./EJ4/medicion2optgym0.png, id=654, 768.2301pt x 390.9807pt>
File: ./EJ4/medicion2optgym0.png Graphic file (type png)

<use ./EJ4/medicion2optgym0.png>
Package pdftex.def Info: ./EJ4/medicion2optgym0.png used on input line 68.
(pdftex.def)             Requested size: 384.1141pt x 195.48987pt.

<./EJ4/comparativogym03opt.png, id=655, 768.2301pt x 390.9807pt>
File: ./EJ4/comparativogym03opt.png Graphic file (type png)

<use ./EJ4/comparativogym03opt.png>
Package pdftex.def Info: ./EJ4/comparativogym03opt.png used on input line 77.
(pdftex.def)             Requested size: 384.1141pt x 195.48987pt.
 [55 <./EJ4/comparativogym02opt.png> <./EJ4/medicion2optgym0.png>]
<./EJ4/medicion3optgym0.png, id=663, 768.2301pt x 390.9807pt>
File: ./EJ4/medicion3optgym0.png Graphic file (type png)

<use ./EJ4/medicion3optgym0.png>
Package pdftex.def Info: ./EJ4/medicion3optgym0.png used on input line 84.
(pdftex.def)             Requested size: 384.1141pt x 195.48987pt.

Underfull \hbox (badness 10000) in paragraph at lines 89--90

 []

<./EJ4/comparativogym0.png, id=664, 768.2301pt x 389.5353pt>
File: ./EJ4/comparativogym0.png Graphic file (type png)

<use ./EJ4/comparativogym0.png>
Package pdftex.def Info: ./EJ4/comparativogym0.png used on input line 97.
(pdftex.def)             Requested size: 384.1141pt x 194.76717pt.
 [56 <./EJ4/comparativogym03opt.png> <./EJ4/medicion3optgym0.png>]
<./EJ4/comparaciongym01.png, id=672, 768.2301pt x 389.5353pt>
File: ./EJ4/comparaciongym01.png Graphic file (type png)

<use ./EJ4/comparaciongym01.png>
Package pdftex.def Info: ./EJ4/comparaciongym01.png used on input line 106.
(pdftex.def)             Requested size: 384.1141pt x 194.76717pt.
 [57 <./EJ4/comparativogym0.png> <./EJ4/comparaciongym01.png>] <./EJ4/fam6golos
o.png, id=680, 1233.6489pt x 618.6312pt>
File: ./EJ4/fam6goloso.png Graphic file (type png)

<use ./EJ4/fam6goloso.png>
Package pdftex.def Info: ./EJ4/fam6goloso.png used on input line 125.
(pdftex.def)             Requested size: 370.09753pt x 185.59079pt.

<./EJ4/fam62opt.png, id=681, 1233.6489pt x 618.6312pt>
File: ./EJ4/fam62opt.png Graphic file (type png)

<use ./EJ4/fam62opt.png>
Package pdftex.def Info: ./EJ4/fam62opt.png used on input line 132.
(pdftex.def)             Requested size: 370.09753pt x 185.59079pt.

<./EJ4/fam63opt.png, id=682, 1233.6489pt x 618.6312pt>
File: ./EJ4/fam63opt.png Graphic file (type png)

<use ./EJ4/fam63opt.png>
Package pdftex.def Info: ./EJ4/fam63opt.png used on input line 139.
(pdftex.def)             Requested size: 370.09753pt x 185.59079pt.
 [58 <./EJ4/fam6goloso.png> <./EJ4/fam62opt.png> <./EJ4/fam63opt.png>]
<./EJ4/comparativosinorden2opt.png, id=690, 768.2301pt x 390.9807pt>
File: ./EJ4/comparativosinorden2opt.png Graphic file (type png)

<use ./EJ4/comparativosinorden2opt.png>
Package pdftex.def Info: ./EJ4/comparativosinorden2opt.png used on input line 1
48.
(pdftex.def)             Requested size: 384.1141pt x 195.48987pt.

<./EJ4/medicion2optsinorden.png, id=691, 768.2301pt x 390.9807pt>
File: ./EJ4/medicion2optsinorden.png Graphic file (type png)

<use ./EJ4/medicion2optsinorden.png>
Package pdftex.def Info: ./EJ4/medicion2optsinorden.png used on input line 155.

(pdftex.def)             Requested size: 384.1141pt x 195.48987pt.
File: ./EJ4/comparativogym03opt.png Graphic file (type png)
 <use ./EJ4/comparativogym03opt.png>
Package pdftex.def Info: ./EJ4/comparativogym03opt.png used on input line 164.
(pdftex.def)             Requested size: 384.1141pt x 195.48987pt.

[59 <./EJ4/comparativosinorden2opt.png> <./EJ4/medicion2optsinorden.png>]
<./EJ4/medicion3optsinorden.png, id=698, 768.2301pt x 390.9807pt>
File: ./EJ4/medicion3optsinorden.png Graphic file (type png)

<use ./EJ4/medicion3optsinorden.png>
Package pdftex.def Info: ./EJ4/medicion3optsinorden.png used on input line 171.

(pdftex.def)             Requested size: 384.1141pt x 195.48987pt.

<./EJ4/comparativosinorden.png, id=699, 768.2301pt x 389.5353pt>
File: ./EJ4/comparativosinorden.png Graphic file (type png)

<use ./EJ4/comparativosinorden.png>
Package pdftex.def Info: ./EJ4/comparativosinorden.png used on input line 183.
(pdftex.def)             Requested size: 384.1141pt x 194.76717pt.
 [60 <./EJ4/medicion3optsinorden.png>]
<./EJ4/comparacionsinorden1.png, id=705, 768.2301pt x 389.5353pt>
File: ./EJ4/comparacionsinorden1.png Graphic file (type png)

<use ./EJ4/comparacionsinorden1.png>
Package pdftex.def Info: ./EJ4/comparacionsinorden1.png used on input line 192.

(pdftex.def)             Requested size: 384.1141pt x 194.76717pt.

Underfull \hbox (badness 10000) in paragraph at lines 206--207

 []

<./EJ4/fam7goloso.png, id=706, 1233.6489pt x 618.6312pt>
File: ./EJ4/fam7goloso.png Graphic file (type png)

<use ./EJ4/fam7goloso.png>
Package pdftex.def Info: ./EJ4/fam7goloso.png used on input line 210.
(pdftex.def)             Requested size: 370.09753pt x 185.59079pt.
 [61 <./EJ4/comparativosinorden.png> <./EJ4/comparacionsinorden1.png>] <./EJ4/f
am72opt.png, id=715, 1233.6489pt x 618.6312pt>
File: ./EJ4/fam72opt.png Graphic file (type png)

<use ./EJ4/fam72opt.png>
Package pdftex.def Info: ./EJ4/fam72opt.png used on input line 217.
(pdftex.def)             Requested size: 370.09753pt x 185.59079pt.

<./EJ4/fam73opt.png, id=716, 1233.6489pt x 618.6312pt>
File: ./EJ4/fam73opt.png Graphic file (type png)

<use ./EJ4/fam73opt.png>
Package pdftex.def Info: ./EJ4/fam73opt.png used on input line 224.
(pdftex.def)             Requested size: 370.09753pt x 185.59079pt.

<./EJ4/comparativoanillos2opt.png, id=717, 768.2301pt x 390.9807pt>
File: ./EJ4/comparativoanillos2opt.png Graphic file (type png)

<use ./EJ4/comparativoanillos2opt.png>
Package pdftex.def Info: ./EJ4/comparativoanillos2opt.png used on input line 23
3.
(pdftex.def)             Requested size: 384.1141pt x 195.48987pt.
 [62 <./EJ4/fam7goloso.png> <./EJ4/fam72opt.png> <./EJ4/fam73opt.png>]
<./EJ4/medicionanillos2opt.png, id=725, 768.2301pt x 390.9807pt>
File: ./EJ4/medicionanillos2opt.png Graphic file (type png)

<use ./EJ4/medicionanillos2opt.png>
Package pdftex.def Info: ./EJ4/medicionanillos2opt.png used on input line 240.
(pdftex.def)             Requested size: 384.1141pt x 195.48987pt.

<./EJ4/comparativoanillos3opt.png, id=726, 768.2301pt x 390.9807pt>
File: ./EJ4/comparativoanillos3opt.png Graphic file (type png)

<use ./EJ4/comparativoanillos3opt.png>
Package pdftex.def Info: ./EJ4/comparativoanillos3opt.png used on input line 24
9.
(pdftex.def)             Requested size: 384.1141pt x 195.48987pt.
 [63 <./EJ4/comparativoanillos2opt.png> <./EJ4/medicionanillos2opt.png> <./EJ4/
comparativoanillos3opt.png>]
<./EJ4/medicionanillos3opt.png, id=734, 768.2301pt x 390.9807pt>
File: ./EJ4/medicionanillos3opt.png Graphic file (type png)

<use ./EJ4/medicionanillos3opt.png>
Package pdftex.def Info: ./EJ4/medicionanillos3opt.png used on input line 256.
(pdftex.def)             Requested size: 384.1141pt x 195.48987pt.

<./EJ4/comparativoanillos1.png, id=735, 768.2301pt x 390.9807pt>
File: ./EJ4/comparativoanillos1.png Graphic file (type png)

<use ./EJ4/comparativoanillos1.png>
Package pdftex.def Info: ./EJ4/comparativoanillos1.png used on input line 268.
(pdftex.def)             Requested size: 384.1141pt x 195.48987pt.

<./EJ4/comparativoanillos.png, id=736, 768.2301pt x 390.9807pt>
File: ./EJ4/comparativoanillos.png Graphic file (type png)

<use ./EJ4/comparativoanillos.png>
Package pdftex.def Info: ./EJ4/comparativoanillos.png used on input line 275.
(pdftex.def)             Requested size: 384.1141pt x 195.48987pt.
 [64 <./EJ4/medicionanillos3opt.png> <./EJ4/comparativoanillos1.png>]
Underfull \hbox (badness 10000) in paragraph at lines 288--289

 []

<./EJ4/fam8goloso.png, id=743, 1233.6489pt x 618.6312pt>
File: ./EJ4/fam8goloso.png Graphic file (type png)

<use ./EJ4/fam8goloso.png>
Package pdftex.def Info: ./EJ4/fam8goloso.png used on input line 292.
(pdftex.def)             Requested size: 370.09753pt x 185.59079pt.

<./EJ4/fam82opt.png, id=744, 1233.6489pt x 618.6312pt>
File: ./EJ4/fam82opt.png Graphic file (type png)

<use ./EJ4/fam82opt.png>
Package pdftex.def Info: ./EJ4/fam82opt.png used on input line 299.
(pdftex.def)             Requested size: 370.09753pt x 185.59079pt.
 [65 <./EJ4/comparativoanillos.png> <./EJ4/fam8goloso.png>] <./EJ4/fam83opt.png
, id=752, 1233.6489pt x 618.6312pt>
File: ./EJ4/fam83opt.png Graphic file (type png)

<use ./EJ4/fam83opt.png>
Package pdftex.def Info: ./EJ4/fam83opt.png used on input line 306.
(pdftex.def)             Requested size: 370.09753pt x 185.59079pt.

<./EJ4/comparativorandom2opt.png, id=753, 768.2301pt x 390.9807pt>
File: ./EJ4/comparativorandom2opt.png Graphic file (type png)

<use ./EJ4/comparativorandom2opt.png>
Package pdftex.def Info: ./EJ4/comparativorandom2opt.png used on input line 315
.
(pdftex.def)             Requested size: 384.1141pt x 195.48987pt.
 [66 <./EJ4/fam82opt.png> <./EJ4/fam83opt.png> <./EJ4/comparativorandom2opt.png
>]
<./EJ4/medicionrandom2opt.png, id=761, 768.2301pt x 390.9807pt>
File: ./EJ4/medicionrandom2opt.png Graphic file (type png)

<use ./EJ4/medicionrandom2opt.png>
Package pdftex.def Info: ./EJ4/medicionrandom2opt.png used on input line 322.
(pdftex.def)             Requested size: 384.1141pt x 195.48987pt.

<./EJ4/comparativorandom3opt.png, id=762, 768.2301pt x 390.9807pt>
File: ./EJ4/comparativorandom3opt.png Graphic file (type png)

<use ./EJ4/comparativorandom3opt.png>
Package pdftex.def Info: ./EJ4/comparativorandom3opt.png used on input line 331
.
(pdftex.def)             Requested size: 384.1141pt x 195.48987pt.

<./EJ4/medicionrandom3opt.png, id=763, 768.2301pt x 390.9807pt>
File: ./EJ4/medicionrandom3opt.png Graphic file (type png)

<use ./EJ4/medicionrandom3opt.png>
Package pdftex.def Info: ./EJ4/medicionrandom3opt.png used on input line 338.
(pdftex.def)             Requested size: 384.1141pt x 195.48987pt.
 [67 <./EJ4/medicionrandom2opt.png> <./EJ4/comparativorandom3opt.png>]
<./EJ4/comparativorandom.png, id=771, 768.2301pt x 390.9807pt>
File: ./EJ4/comparativorandom.png Graphic file (type png)

<use ./EJ4/comparativorandom.png>
Package pdftex.def Info: ./EJ4/comparativorandom.png used on input line 349.
(pdftex.def)             Requested size: 384.1141pt x 195.48987pt.

<./EJ4/medicionrandom.png, id=772, 768.2301pt x 390.9807pt>
File: ./EJ4/medicionrandom.png Graphic file (type png)

<use ./EJ4/medicionrandom.png>
Package pdftex.def Info: ./EJ4/medicionrandom.png used on input line 356.
(pdftex.def)             Requested size: 384.1141pt x 195.48987pt.
 [68 <./EJ4/medicionrandom3opt.png> <./EJ4/comparativorandom.png>] <./EJ4/mejor
a2.png, id=779, 2931.95375pt x 1440.38126pt>
File: ./EJ4/mejora2.png Graphic file (type png)

<use ./EJ4/mejora2.png>
Package pdftex.def Info: ./EJ4/mejora2.png used on input line 381.
(pdftex.def)             Requested size: 586.38037pt x 288.07115pt.

Overfull \hbox (74.23074pt too wide) in paragraph at lines 381--381
 [] 
 []

[69 <./EJ4/medicionrandom.png>]) [70 <./EJ4/mejora2.png>] (./ej5.tex
<./EJ5/caminoEjGoloso.png, id=789, 1233.6489pt x 618.6312pt>
File: ./EJ5/caminoEjGoloso.png Graphic file (type png)

<use ./EJ5/caminoEjGoloso.png>
Package pdftex.def Info: ./EJ5/caminoEjGoloso.png used on input line 7.
(pdftex.def)             Requested size: 370.09753pt x 185.59079pt.

<./EJ5/caminoEjswap.png, id=790, 1233.6489pt x 618.6312pt>
File: ./EJ5/caminoEjswap.png Graphic file (type png)

<use ./EJ5/caminoEjswap.png>
Package pdftex.def Info: ./EJ5/caminoEjswap.png used on input line 14.
(pdftex.def)             Requested size: 370.09753pt x 185.59079pt.

<./EJ5/caminoEj2opt.png, id=791, 1233.6489pt x 618.6312pt>
File: ./EJ5/caminoEj2opt.png Graphic file (type png)

<use ./EJ5/caminoEj2opt.png>
Package pdftex.def Info: ./EJ5/caminoEj2opt.png used on input line 21.
(pdftex.def)             Requested size: 370.09753pt x 185.59079pt.
 [71 <./EJ5/caminoEjGoloso.png> <./EJ5/caminoEjswap.png>] <./EJ5/caminoEj3opt.p
ng, id=798, 1233.6489pt x 618.6312pt>
File: ./EJ5/caminoEj3opt.png Graphic file (type png)

<use ./EJ5/caminoEj3opt.png>
Package pdftex.def Info: ./EJ5/caminoEj3opt.png used on input line 28.
(pdftex.def)             Requested size: 370.09753pt x 185.59079pt.

<./EJ5/medicion.png, id=799, 768.2301pt x 390.9807pt>
File: ./EJ5/medicion.png Graphic file (type png)
 <use ./EJ5/medicion.png>
Package pdftex.def Info: ./EJ5/medicion.png used on input line 41.
(pdftex.def)             Requested size: 384.1141pt x 195.48987pt.

[72 <./EJ5/caminoEj2opt.png> <./EJ5/caminoEj3opt.png>]
<./EJ5/comparativo.png, id=806, 768.2301pt x 390.9807pt>
File: ./EJ5/comparativo.png Graphic file (type png)

<use ./EJ5/comparativo.png>
Package pdftex.def Info: ./EJ5/comparativo.png used on input line 52.
(pdftex.def)             Requested size: 384.1141pt x 195.48987pt.

<./EJ5/comparativo2.png, id=807, 768.2301pt x 390.9807pt>
File: ./EJ5/comparativo2.png Graphic file (type png)

<use ./EJ5/comparativo2.png>
Package pdftex.def Info: ./EJ5/comparativo2.png used on input line 65.
(pdftex.def)             Requested size: 384.1141pt x 195.48987pt.
 [73 <./EJ5/medicion.png> <./EJ5/comparativo.png>]
<./EJ5/medicionTodos.png, id=815, 768.2301pt x 390.9807pt>
File: ./EJ5/medicionTodos.png Graphic file (type png)

<use ./EJ5/medicionTodos.png>
Package pdftex.def Info: ./EJ5/medicionTodos.png used on input line 73.
(pdftex.def)             Requested size: 384.1141pt x 195.48987pt.

<./EJ5/comparativo1.png, id=816, 768.2301pt x 390.9807pt>
File: ./EJ5/comparativo1.png Graphic file (type png)

<use ./EJ5/comparativo1.png>
Package pdftex.def Info: ./EJ5/comparativo1.png used on input line 83.
(pdftex.def)             Requested size: 384.1141pt x 195.48987pt.
 [74 <./EJ5/comparativo2.png> <./EJ5/medicionTodos.png>] <./EJ5/errorporalgorit
mo.png, id=823, 768.2301pt x 390.9807pt>
File: ./EJ5/errorporalgoritmo.png Graphic file (type png)

<use ./EJ5/errorporalgoritmo.png>
Package pdftex.def Info: ./EJ5/errorporalgoritmo.png used on input line 96.
(pdftex.def)             Requested size: 384.1141pt x 195.48987pt.
 [75 <./EJ5/comparativo1.png> <./EJ5/errorporalgoritmo.png>]
Underfull \hbox (badness 10000) in paragraph at lines 110--111

 []

) [76] (./aclaraciones.tex)
Package atveryend Info: Empty hook `BeforeClearDocument' on input line 113.
 [77]
Package atveryend Info: Empty hook `AfterLastShipout' on input line 113.
 (./tpd.aux)
Package atveryend Info: Executing hook `AtVeryEndDocument' on input line 113.
Package atveryend Info: Executing hook `AtEndAfterFileList' on input line 113.
Package rerunfilecheck Info: File `tpd.out' has not changed.
(rerunfilecheck)             Checksum: 23C247209F6D891F176ED48EDBDEC313;3011.


LaTeX Warning: There were multiply-defined labels.

Package atveryend Info: Empty hook `AtVeryVeryEnd' on input line 113.
 ) 
Here is how much of TeX's memory you used:
 9794 strings out of 493304
 147218 string characters out of 6139871
 258696 words of memory out of 5000000
 12760 multiletter control sequences out of 15000+600000
 19752 words of font info for 49 fonts, out of 8000000 for 9000
 957 hyphenation exceptions out of 8191
 44i,26n,47p,972b,430s stack positions out of 5000i,500n,10000p,200000b,80000s
{/usr/share/texmf/fonts/enc/dvips/cm-super/cm-super-t1.enc}</usr/share/texliv
e/texmf-dist/fonts/type1/public/amsfonts/cm/cmex10.pfb></usr/share/texlive/texm
f-dist/fonts/type1/public/amsfonts/cm/cmmi12.pfb></usr/share/texlive/texmf-dist
/fonts/type1/public/amsfonts/cm/cmmi8.pfb></usr/share/texlive/texmf-dist/fonts/
type1/public/amsfonts/cm/cmr12.pfb></usr/share/texlive/texmf-dist/fonts/type1/p
ublic/amsfonts/cm/cmr8.pfb></usr/share/texlive/texmf-dist/fonts/type1/public/am
sfonts/cm/cmsy10.pfb></usr/share/texlive/texmf-dist/fonts/type1/public/amsfonts
/cm/cmsy6.pfb></usr/share/texlive/texmf-dist/fonts/type1/public/amsfonts/cm/cms
y8.pfb></usr/share/texmf/fonts/type1/public/cm-super/sfbx1200.pfb></usr/share/t
exmf/fonts/type1/public/cm-super/sfbx1440.pfb></usr/share/texmf/fonts/type1/pub
lic/cm-super/sfbx1728.pfb></usr/share/texmf/fonts/type1/public/cm-super/sfbx207
4.pfb></usr/share/texmf/fonts/type1/public/cm-super/sfrm1000.pfb></usr/share/te
xmf/fonts/type1/public/cm-super/sfrm1200.pfb></usr/share/texmf/fonts/type1/publ
ic/cm-super/sfrm1440.pfb></usr/share/texmf/fonts/type1/public/cm-super/sfti1200
.pfb></usr/share/texmf/fonts/type1/public/cm-super/sftt1200.pfb>
Output written on tpd.pdf (77 pages, 7529571 bytes).
PDF statistics:
 940 PDF objects out of 1000 (max. 8388607)
 626 compressed objects within 7 object streams
 197 named destinations out of 1000 (max. 500000)
 876 words of extra memory for PDF output out of 10000 (max. 10000000)

