\BOOKMARK [1][-]{section.1}{Ejercicio 1}{}
\BOOKMARK [2][-]{subsection.1.1}{Descripci\363n de problema}{section.1}
\BOOKMARK [2][-]{subsection.1.2}{Explicaci\363n de resoluci\363n del problema}{section.1}
\BOOKMARK [2][-]{subsection.1.3}{Algoritmos}{section.1}
\BOOKMARK [2][-]{subsection.1.4}{An\341lisis de complejidades}{section.1}
\BOOKMARK [2][-]{subsection.1.5}{Experimientos y conclusiones}{section.1}
\BOOKMARK [3][-]{subsubsection.1.5.1}{1.5}{subsection.1.5}
\BOOKMARK [3][-]{subsubsection.1.5.2}{1.5}{subsection.1.5}
\BOOKMARK [1][-]{section.2}{Ejercicio 2}{}
\BOOKMARK [2][-]{subsection.2.1}{Descripci\363n de problema}{section.2}
\BOOKMARK [2][-]{subsection.2.2}{Explicaci\363n de resoluci\363n del problema}{section.2}
\BOOKMARK [2][-]{subsection.2.3}{Algoritmos}{section.2}
\BOOKMARK [2][-]{subsection.2.4}{An\341lisis de complejidades}{section.2}
\BOOKMARK [2][-]{subsection.2.5}{Demostraci\363n de correctitud}{section.2}
\BOOKMARK [2][-]{subsection.2.6}{Experimientos y conclusiones}{section.2}
\BOOKMARK [3][-]{subsubsection.2.6.1}{2.5}{subsection.2.6}
\BOOKMARK [3][-]{subsubsection.2.6.2}{2.5}{subsection.2.6}
\BOOKMARK [1][-]{section.3}{Ejercicio 3}{}
\BOOKMARK [2][-]{subsection.3.1}{Descripci\363n de problema}{section.3}
\BOOKMARK [2][-]{subsection.3.2}{Explicaci\363n de resoluci\363n del problema}{section.3}
\BOOKMARK [2][-]{subsection.3.3}{Algoritmos}{section.3}
\BOOKMARK [2][-]{subsection.3.4}{An\341lisis de complejidades}{section.3}
\BOOKMARK [2][-]{subsection.3.5}{Demostraci\363n de correctitud}{section.3}
