\BOOKMARK [1][-]{section.1}{Ejercicio 1}{}% 1
\BOOKMARK [2][-]{subsection.1.1}{Enunciado del problema}{section.1}% 2
\BOOKMARK [2][-]{subsection.1.2}{Explicaci\363n de resoluci\363n del problema}{section.1}% 3
\BOOKMARK [1][-]{section.2}{Ejercicio 2}{}% 4
\BOOKMARK [2][-]{subsection.2.1}{Enunciado del problema}{section.2}% 5
\BOOKMARK [2][-]{subsection.2.2}{Explicaci\363n de resoluci\363n del problema}{section.2}% 6
\BOOKMARK [2][-]{subsection.2.3}{An\341lisis de complejidades}{section.2}% 7
\BOOKMARK [1][-]{section.3}{Ejercicio 3}{}% 8
\BOOKMARK [2][-]{subsection.3.1}{Enunciado del problema}{section.3}% 9
\BOOKMARK [2][-]{subsection.3.2}{Explicaci\363n de resoluci\363n del problema}{section.3}% 10
\BOOKMARK [2][-]{subsection.3.3}{An\341lisis de complejidades}{section.3}% 11
\BOOKMARK [2][-]{subsection.3.4}{Instancias desfavorables}{section.3}% 12
\BOOKMARK [3][-]{subsubsection.3.4.1}{3.5}{subsection.3.4}% 13
\BOOKMARK [1][-]{section.4}{Ejercicio 4}{}% 14
\BOOKMARK [2][-]{subsection.4.1}{Enunciado del problema}{section.4}% 15
\BOOKMARK [2][-]{subsection.4.2}{Explicaci\363n de resoluci\363n del problema}{section.4}% 16
\BOOKMARK [2][-]{subsection.4.3}{Vecindades}{section.4}% 17
\BOOKMARK [2][-]{subsection.4.4}{Inicializaci\363n}{section.4}% 18
\BOOKMARK [2][-]{subsection.4.5}{Algoritmos e Implementaci\363n}{section.4}% 19
\BOOKMARK [2][-]{subsection.4.6}{An\341lisis de complejidades}{section.4}% 20
\BOOKMARK [2][-]{subsection.4.7}{Experimientos y conclusiones}{section.4}% 21
\BOOKMARK [3][-]{subsubsection.4.7.1}{3.5}{subsection.4.7}% 22
\BOOKMARK [2][-]{subsection.4.8}{Conclusi\363n comparaci\363n entre Vecindades}{section.4}% 23
\BOOKMARK [1][-]{section.5}{Ejercicio 5}{}% 24
\BOOKMARK [2][-]{subsection.5.1}{Enunciado del problema}{section.5}% 25
\BOOKMARK [2][-]{subsection.5.2}{Experimientos y conclusiones}{section.5}% 26
\BOOKMARK [3][-]{subsubsection.5.2.1}{2.5}{subsection.5.2}% 27
\BOOKMARK [2][-]{subsection.5.3}{Calidad de soluci\363n}{section.5}% 28
\BOOKMARK [3][-]{subsubsection.5.3.1}{Grafos coloreables}{subsection.5.3}% 29
\BOOKMARK [3][-]{subsubsection.5.3.2}{Grafos no necesariamente coloreables}{subsection.5.3}% 30
\BOOKMARK [2][-]{subsection.5.4}{Performance de soluci\363n}{section.5}% 31
\BOOKMARK [2][-]{subsection.5.5}{Conclusi\363n de comparaci\363nes}{section.5}% 32
